0 info it worked if it ends with ok
1 verbose cli [ '/usr/bin/nodejs', '/usr/bin/npm', 'install', 'grunt-cli' ]
2 info using npm@1.3.10
3 info using node@v0.10.25
4 verbose cache add [ 'grunt-cli', null ]
5 verbose cache add name=undefined spec="grunt-cli" args=["grunt-cli",null]
6 verbose parsed url { protocol: null,
6 verbose parsed url   slashes: null,
6 verbose parsed url   auth: null,
6 verbose parsed url   host: null,
6 verbose parsed url   port: null,
6 verbose parsed url   hostname: null,
6 verbose parsed url   hash: null,
6 verbose parsed url   search: null,
6 verbose parsed url   query: null,
6 verbose parsed url   pathname: 'grunt-cli',
6 verbose parsed url   path: 'grunt-cli',
6 verbose parsed url   href: 'grunt-cli' }
7 silly lockFile 671ef8ac-grunt-cli grunt-cli
8 verbose lock grunt-cli /home/aloosley/.npm/671ef8ac-grunt-cli.lock
9 silly lockFile 671ef8ac-grunt-cli grunt-cli
10 silly lockFile 671ef8ac-grunt-cli grunt-cli
11 verbose addNamed [ 'grunt-cli', '' ]
12 verbose addNamed [ null, '*' ]
13 silly lockFile d63f3d0b-grunt-cli grunt-cli@
14 verbose lock grunt-cli@ /home/aloosley/.npm/d63f3d0b-grunt-cli.lock
15 silly addNameRange { name: 'grunt-cli', range: '*', hasData: false }
16 verbose url raw grunt-cli
17 verbose url resolving [ 'https://registry.npmjs.org/', './grunt-cli' ]
18 verbose url resolved https://registry.npmjs.org/grunt-cli
19 info trying registry request attempt 1 at 00:16:29
20 http GET https://registry.npmjs.org/grunt-cli
21 http 200 https://registry.npmjs.org/grunt-cli
22 silly registry.get cb [ 200,
22 silly registry.get   { date: 'Thu, 02 Oct 2014 04:16:35 GMT',
22 silly registry.get     server: 'CouchDB/1.5.0 (Erlang OTP/R16B03)',
22 silly registry.get     etag: '"BNILZ9J1NTWZYUS8HRT5S3TNV"',
22 silly registry.get     'content-type': 'application/json',
22 silly registry.get     'cache-control': 'max-age=60',
22 silly registry.get     'content-length': '19906',
22 silly registry.get     'accept-ranges': 'bytes',
22 silly registry.get     via: '1.1 varnish',
22 silly registry.get     age: '1625',
22 silly registry.get     'x-served-by': 'cache-jfk1033-JFK',
22 silly registry.get     'x-cache': 'HIT',
22 silly registry.get     'x-cache-hits': '1',
22 silly registry.get     'x-timer': 'S1412223395.181568,VS0,VE0',
22 silly registry.get     vary: 'Accept',
22 silly registry.get     'keep-alive': 'timeout=10, max=50',
22 silly registry.get     connection: 'Keep-Alive' } ]
23 silly addNameRange number 2 { name: 'grunt-cli', range: '*', hasData: true }
24 silly addNameRange versions [ 'grunt-cli',
24 silly addNameRange   [ '0.1.0',
24 silly addNameRange     '0.1.1',
24 silly addNameRange     '0.1.2',
24 silly addNameRange     '0.1.3',
24 silly addNameRange     '0.1.4',
24 silly addNameRange     '0.1.5',
24 silly addNameRange     '0.1.6',
24 silly addNameRange     '0.1.7',
24 silly addNameRange     '0.1.8',
24 silly addNameRange     '0.1.9',
24 silly addNameRange     '0.1.10',
24 silly addNameRange     '0.1.11',
24 silly addNameRange     '0.1.12',
24 silly addNameRange     '0.1.13' ] ]
25 verbose addNamed [ 'grunt-cli', '0.1.13' ]
26 verbose addNamed [ '0.1.13', '0.1.13' ]
27 silly lockFile 28997503-grunt-cli-0-1-13 grunt-cli@0.1.13
28 verbose lock grunt-cli@0.1.13 /home/aloosley/.npm/28997503-grunt-cli-0-1-13.lock
29 silly lockFile ab76c46e-g-grunt-cli-grunt-cli-0-1-13-tgz https://registry.npmjs.org/grunt-cli/-/grunt-cli-0.1.13.tgz
30 verbose lock https://registry.npmjs.org/grunt-cli/-/grunt-cli-0.1.13.tgz /home/aloosley/.npm/ab76c46e-g-grunt-cli-grunt-cli-0-1-13-tgz.lock
31 verbose addRemoteTarball [ 'https://registry.npmjs.org/grunt-cli/-/grunt-cli-0.1.13.tgz',
31 verbose addRemoteTarball   'e9ebc4047631f5012d922770c39378133cad10f4' ]
32 info retry fetch attempt 1 at 00:16:30
33 verbose fetch to= /home/aloosley/tmp/npm-16669-dwkw7B6W/1412223390315-0.8545048357918859/tmp.tgz
34 http GET https://registry.npmjs.org/grunt-cli/-/grunt-cli-0.1.13.tgz
35 http 200 https://registry.npmjs.org/grunt-cli/-/grunt-cli-0.1.13.tgz
36 verbose tar unpack /home/aloosley/tmp/npm-16669-dwkw7B6W/1412223390315-0.8545048357918859/tmp.tgz
37 silly lockFile ae895b28-90315-0-8545048357918859-package tar:///home/aloosley/tmp/npm-16669-dwkw7B6W/1412223390315-0.8545048357918859/package
38 verbose lock tar:///home/aloosley/tmp/npm-16669-dwkw7B6W/1412223390315-0.8545048357918859/package /home/aloosley/.npm/ae895b28-90315-0-8545048357918859-package.lock
39 silly lockFile c87faa04-90315-0-8545048357918859-tmp-tgz tar:///home/aloosley/tmp/npm-16669-dwkw7B6W/1412223390315-0.8545048357918859/tmp.tgz
40 verbose lock tar:///home/aloosley/tmp/npm-16669-dwkw7B6W/1412223390315-0.8545048357918859/tmp.tgz /home/aloosley/.npm/c87faa04-90315-0-8545048357918859-tmp-tgz.lock
41 silly gunzTarPerm modes [ '755', '644' ]
42 silly gunzTarPerm extractEntry package.json
43 silly gunzTarPerm extractEntry .npmignore
44 silly gunzTarPerm extractEntry README.md
45 silly gunzTarPerm extractEntry Gruntfile.js
46 silly gunzTarPerm extractEntry .travis.yml
47 silly gunzTarPerm extractEntry AUTHORS
48 silly gunzTarPerm extractEntry LICENSE-MIT
49 silly gunzTarPerm extractEntry bin/grunt
50 silly gunzTarPerm extractEntry completion/bash
51 silly gunzTarPerm extractEntry completion/zsh
52 silly gunzTarPerm extractEntry lib/cli.js
53 silly gunzTarPerm extractEntry lib/completion.js
54 silly gunzTarPerm extractEntry lib/info.js
55 silly lockFile ae895b28-90315-0-8545048357918859-package tar:///home/aloosley/tmp/npm-16669-dwkw7B6W/1412223390315-0.8545048357918859/package
56 silly lockFile ae895b28-90315-0-8545048357918859-package tar:///home/aloosley/tmp/npm-16669-dwkw7B6W/1412223390315-0.8545048357918859/package
57 silly lockFile c87faa04-90315-0-8545048357918859-tmp-tgz tar:///home/aloosley/tmp/npm-16669-dwkw7B6W/1412223390315-0.8545048357918859/tmp.tgz
58 silly lockFile c87faa04-90315-0-8545048357918859-tmp-tgz tar:///home/aloosley/tmp/npm-16669-dwkw7B6W/1412223390315-0.8545048357918859/tmp.tgz
59 verbose tar pack [ '/home/aloosley/.npm/grunt-cli/0.1.13/package.tgz',
59 verbose tar pack   '/home/aloosley/tmp/npm-16669-dwkw7B6W/1412223390315-0.8545048357918859/package' ]
60 verbose tarball /home/aloosley/.npm/grunt-cli/0.1.13/package.tgz
61 verbose folder /home/aloosley/tmp/npm-16669-dwkw7B6W/1412223390315-0.8545048357918859/package
62 silly lockFile ae895b28-90315-0-8545048357918859-package tar:///home/aloosley/tmp/npm-16669-dwkw7B6W/1412223390315-0.8545048357918859/package
63 verbose lock tar:///home/aloosley/tmp/npm-16669-dwkw7B6W/1412223390315-0.8545048357918859/package /home/aloosley/.npm/ae895b28-90315-0-8545048357918859-package.lock
64 silly lockFile 4168d4d4-npm-grunt-cli-0-1-13-package-tgz tar:///home/aloosley/.npm/grunt-cli/0.1.13/package.tgz
65 verbose lock tar:///home/aloosley/.npm/grunt-cli/0.1.13/package.tgz /home/aloosley/.npm/4168d4d4-npm-grunt-cli-0-1-13-package-tgz.lock
66 silly lockFile ae895b28-90315-0-8545048357918859-package tar:///home/aloosley/tmp/npm-16669-dwkw7B6W/1412223390315-0.8545048357918859/package
67 silly lockFile ae895b28-90315-0-8545048357918859-package tar:///home/aloosley/tmp/npm-16669-dwkw7B6W/1412223390315-0.8545048357918859/package
68 silly lockFile 4168d4d4-npm-grunt-cli-0-1-13-package-tgz tar:///home/aloosley/.npm/grunt-cli/0.1.13/package.tgz
69 silly lockFile 4168d4d4-npm-grunt-cli-0-1-13-package-tgz tar:///home/aloosley/.npm/grunt-cli/0.1.13/package.tgz
70 silly lockFile cec99970-ley-npm-grunt-cli-0-1-13-package /home/aloosley/.npm/grunt-cli/0.1.13/package
71 verbose lock /home/aloosley/.npm/grunt-cli/0.1.13/package /home/aloosley/.npm/cec99970-ley-npm-grunt-cli-0-1-13-package.lock
72 silly lockFile cec99970-ley-npm-grunt-cli-0-1-13-package /home/aloosley/.npm/grunt-cli/0.1.13/package
73 silly lockFile cec99970-ley-npm-grunt-cli-0-1-13-package /home/aloosley/.npm/grunt-cli/0.1.13/package
74 verbose tar unpack /home/aloosley/.npm/grunt-cli/0.1.13/package.tgz
75 silly lockFile 3a04ac74-ley-npm-grunt-cli-0-1-13-package tar:///home/aloosley/.npm/grunt-cli/0.1.13/package
76 verbose lock tar:///home/aloosley/.npm/grunt-cli/0.1.13/package /home/aloosley/.npm/3a04ac74-ley-npm-grunt-cli-0-1-13-package.lock
77 silly lockFile 4168d4d4-npm-grunt-cli-0-1-13-package-tgz tar:///home/aloosley/.npm/grunt-cli/0.1.13/package.tgz
78 verbose lock tar:///home/aloosley/.npm/grunt-cli/0.1.13/package.tgz /home/aloosley/.npm/4168d4d4-npm-grunt-cli-0-1-13-package-tgz.lock
79 silly gunzTarPerm modes [ '755', '644' ]
80 silly gunzTarPerm extractEntry package.json
81 silly gunzTarPerm extractEntry .npmignore
82 silly gunzTarPerm extractEntry README.md
83 silly gunzTarPerm extractEntry Gruntfile.js
84 silly gunzTarPerm extractEntry .travis.yml
85 silly gunzTarPerm extractEntry AUTHORS
86 silly gunzTarPerm extractEntry LICENSE-MIT
87 silly gunzTarPerm extractEntry bin/grunt
88 silly gunzTarPerm extractEntry completion/bash
89 silly gunzTarPerm extractEntry completion/zsh
90 silly gunzTarPerm extractEntry lib/cli.js
91 silly gunzTarPerm extractEntry lib/completion.js
92 silly gunzTarPerm extractEntry lib/info.js
93 silly lockFile 3a04ac74-ley-npm-grunt-cli-0-1-13-package tar:///home/aloosley/.npm/grunt-cli/0.1.13/package
94 silly lockFile 3a04ac74-ley-npm-grunt-cli-0-1-13-package tar:///home/aloosley/.npm/grunt-cli/0.1.13/package
95 silly lockFile 4168d4d4-npm-grunt-cli-0-1-13-package-tgz tar:///home/aloosley/.npm/grunt-cli/0.1.13/package.tgz
96 silly lockFile 4168d4d4-npm-grunt-cli-0-1-13-package-tgz tar:///home/aloosley/.npm/grunt-cli/0.1.13/package.tgz
97 verbose chmod /home/aloosley/.npm/grunt-cli/0.1.13/package.tgz 644
98 verbose chown /home/aloosley/.npm/grunt-cli/0.1.13/package.tgz [ 1000, 1000 ]
99 silly lockFile ab76c46e-g-grunt-cli-grunt-cli-0-1-13-tgz https://registry.npmjs.org/grunt-cli/-/grunt-cli-0.1.13.tgz
100 silly lockFile ab76c46e-g-grunt-cli-grunt-cli-0-1-13-tgz https://registry.npmjs.org/grunt-cli/-/grunt-cli-0.1.13.tgz
101 silly lockFile 28997503-grunt-cli-0-1-13 grunt-cli@0.1.13
102 silly lockFile 28997503-grunt-cli-0-1-13 grunt-cli@0.1.13
103 silly lockFile d63f3d0b-grunt-cli grunt-cli@
104 silly lockFile d63f3d0b-grunt-cli grunt-cli@
105 silly resolved [ { name: 'grunt-cli',
105 silly resolved     description: 'The grunt command line interface.',
105 silly resolved     version: '0.1.13',
105 silly resolved     author: { name: 'Grunt Team' },
105 silly resolved     homepage: 'http://gruntjs.com/',
105 silly resolved     repository: { type: 'git', url: 'git://github.com/gruntjs/grunt-cli.git' },
105 silly resolved     bugs: { url: 'http://github.com/gruntjs/grunt-cli/issues' },
105 silly resolved     licenses: [ [Object] ],
105 silly resolved     bin: { grunt: 'bin/grunt' },
105 silly resolved     engines: { node: '>= 0.8.0' },
105 silly resolved     scripts: { test: 'node bin/grunt test' },
105 silly resolved     preferGlobal: true,
105 silly resolved     dependencies: { nopt: '~1.0.10', 'findup-sync': '~0.1.0', resolve: '~0.3.1' },
105 silly resolved     devDependencies: { grunt: '~0.4.0', 'grunt-contrib-jshint': '~0.2.0' },
105 silly resolved     contributors: [ [Object], [Object], [Object], [Object] ],
105 silly resolved     readme: '# grunt-cli [![Build Status](https://secure.travis-ci.org/gruntjs/grunt-cli.png?branch=master)](http://travis-ci.org/gruntjs/grunt-cli)\n> The Grunt command line interface.\n\nInstall this globally and you\'ll have access to the `grunt` command anywhere on your system.\n\n```shell\nnpm install -g grunt-cli\n```\n\n**Note:** The job of the `grunt` command is to load and run the version of Grunt you have installed locally to your project, irrespective of its version.  Starting with Grunt v0.4, you should never install Grunt itself globally.  For more information about why, [please read this](http://blog.nodejs.org/2011/03/23/npm-1-0-global-vs-local-installation).\n\nSee the [Getting Started](http://gruntjs.com/getting-started) guide for more information.\n\n## Shell tab auto-completion\nTo enable tab auto-completion for Grunt, add one of the following lines to your `~/.bashrc` or `~/.zshrc` file.\n\n```bash\n# Bash, ~/.bashrc\neval "$(grunt --completion=bash)"\n```\n\n```bash\n# Zsh, ~/.zshrc\neval "$(grunt --completion=zsh)"\n```\n\n## Installing grunt-cli locally\nIf you prefer the idiomatic Node.js method to get started with a project (`npm install && npm test`) then install grunt-cli locally with `npm install grunt-cli --save-dev`. Then add a script to your `package.json` to run the associated grunt command: `"scripts": { "test": "grunt test" } `. Now `npm test` will use the locally installed `./node_modules/.bin/grunt` executable to run your Grunt commands.\n\nTo read more about npm scripts, please visit the npm docs: [https://npmjs.org/doc/misc/npm-scripts.html](https://npmjs.org/doc/misc/npm-scripts.html).\n',
105 silly resolved     readmeFilename: 'README.md',
105 silly resolved     _id: 'grunt-cli@0.1.13',
105 silly resolved     dist: { shasum: '1ffcd7a04189110edf9da89ef7f0c12f7c89da98' },
105 silly resolved     _from: 'grunt-cli@',
105 silly resolved     _resolved: 'https://registry.npmjs.org/grunt-cli/-/grunt-cli-0.1.13.tgz' } ]
106 info install grunt-cli@0.1.13 into /home/aloosley/host/dataIncubator/datacourse/projects/crimeAndHousing/web
107 info installOne grunt-cli@0.1.13
108 info /home/aloosley/host/dataIncubator/datacourse/projects/crimeAndHousing/web/node_modules/grunt-cli unbuild
109 verbose tar unpack /home/aloosley/.npm/grunt-cli/0.1.13/package.tgz
110 silly lockFile d9f58997-using-web-node-modules-grunt-cli tar:///home/aloosley/host/dataIncubator/datacourse/projects/crimeAndHousing/web/node_modules/grunt-cli
111 verbose lock tar:///home/aloosley/host/dataIncubator/datacourse/projects/crimeAndHousing/web/node_modules/grunt-cli /home/aloosley/.npm/d9f58997-using-web-node-modules-grunt-cli.lock
112 silly lockFile 4168d4d4-npm-grunt-cli-0-1-13-package-tgz tar:///home/aloosley/.npm/grunt-cli/0.1.13/package.tgz
113 verbose lock tar:///home/aloosley/.npm/grunt-cli/0.1.13/package.tgz /home/aloosley/.npm/4168d4d4-npm-grunt-cli-0-1-13-package-tgz.lock
114 silly gunzTarPerm modes [ '755', '644' ]
115 silly gunzTarPerm extractEntry package.json
116 silly gunzTarPerm extractEntry .npmignore
117 silly gunzTarPerm extractEntry README.md
118 silly gunzTarPerm extractEntry Gruntfile.js
119 silly gunzTarPerm extractEntry .travis.yml
120 silly gunzTarPerm extractEntry AUTHORS
121 silly gunzTarPerm extractEntry LICENSE-MIT
122 silly gunzTarPerm extractEntry bin/grunt
123 silly gunzTarPerm extractEntry completion/bash
124 silly gunzTarPerm extractEntry completion/zsh
125 silly gunzTarPerm extractEntry lib/cli.js
126 silly gunzTarPerm extractEntry lib/completion.js
127 silly gunzTarPerm extractEntry lib/info.js
128 silly lockFile d9f58997-using-web-node-modules-grunt-cli tar:///home/aloosley/host/dataIncubator/datacourse/projects/crimeAndHousing/web/node_modules/grunt-cli
129 silly lockFile d9f58997-using-web-node-modules-grunt-cli tar:///home/aloosley/host/dataIncubator/datacourse/projects/crimeAndHousing/web/node_modules/grunt-cli
130 silly lockFile 4168d4d4-npm-grunt-cli-0-1-13-package-tgz tar:///home/aloosley/.npm/grunt-cli/0.1.13/package.tgz
131 silly lockFile 4168d4d4-npm-grunt-cli-0-1-13-package-tgz tar:///home/aloosley/.npm/grunt-cli/0.1.13/package.tgz
132 info preinstall grunt-cli@0.1.13
133 verbose readDependencies using package.json deps
134 verbose readDependencies using package.json deps
135 verbose cache add [ 'resolve@~0.3.1', null ]
136 verbose cache add name=undefined spec="resolve@~0.3.1" args=["resolve@~0.3.1",null]
137 verbose parsed url { protocol: null,
137 verbose parsed url   slashes: null,
137 verbose parsed url   auth: null,
137 verbose parsed url   host: null,
137 verbose parsed url   port: null,
137 verbose parsed url   hostname: null,
137 verbose parsed url   hash: null,
137 verbose parsed url   search: null,
137 verbose parsed url   query: null,
137 verbose parsed url   pathname: 'resolve@~0.3.1',
137 verbose parsed url   path: 'resolve@~0.3.1',
137 verbose parsed url   href: 'resolve@~0.3.1' }
138 verbose cache add name="resolve" spec="~0.3.1" args=["resolve","~0.3.1"]
139 verbose parsed url { protocol: null,
139 verbose parsed url   slashes: null,
139 verbose parsed url   auth: null,
139 verbose parsed url   host: null,
139 verbose parsed url   port: null,
139 verbose parsed url   hostname: null,
139 verbose parsed url   hash: null,
139 verbose parsed url   search: null,
139 verbose parsed url   query: null,
139 verbose parsed url   pathname: '~0.3.1',
139 verbose parsed url   path: '~0.3.1',
139 verbose parsed url   href: '~0.3.1' }
140 verbose addNamed [ 'resolve', '~0.3.1' ]
141 verbose addNamed [ null, '>=0.3.1-0 <0.4.0-0' ]
142 silly lockFile 7958d065-resolve-0-3-1 resolve@~0.3.1
143 verbose lock resolve@~0.3.1 /home/aloosley/.npm/7958d065-resolve-0-3-1.lock
144 verbose cache add [ 'nopt@~1.0.10', null ]
145 verbose cache add name=undefined spec="nopt@~1.0.10" args=["nopt@~1.0.10",null]
146 verbose parsed url { protocol: null,
146 verbose parsed url   slashes: null,
146 verbose parsed url   auth: null,
146 verbose parsed url   host: null,
146 verbose parsed url   port: null,
146 verbose parsed url   hostname: null,
146 verbose parsed url   hash: null,
146 verbose parsed url   search: null,
146 verbose parsed url   query: null,
146 verbose parsed url   pathname: 'nopt@~1.0.10',
146 verbose parsed url   path: 'nopt@~1.0.10',
146 verbose parsed url   href: 'nopt@~1.0.10' }
147 verbose cache add name="nopt" spec="~1.0.10" args=["nopt","~1.0.10"]
148 verbose parsed url { protocol: null,
148 verbose parsed url   slashes: null,
148 verbose parsed url   auth: null,
148 verbose parsed url   host: null,
148 verbose parsed url   port: null,
148 verbose parsed url   hostname: null,
148 verbose parsed url   hash: null,
148 verbose parsed url   search: null,
148 verbose parsed url   query: null,
148 verbose parsed url   pathname: '~1.0.10',
148 verbose parsed url   path: '~1.0.10',
148 verbose parsed url   href: '~1.0.10' }
149 verbose addNamed [ 'nopt', '~1.0.10' ]
150 verbose addNamed [ null, '>=1.0.10-0 <1.1.0-0' ]
151 silly lockFile 79f78dba-nopt-1-0-10 nopt@~1.0.10
152 verbose lock nopt@~1.0.10 /home/aloosley/.npm/79f78dba-nopt-1-0-10.lock
153 verbose cache add [ 'findup-sync@~0.1.0', null ]
154 verbose cache add name=undefined spec="findup-sync@~0.1.0" args=["findup-sync@~0.1.0",null]
155 verbose parsed url { protocol: null,
155 verbose parsed url   slashes: null,
155 verbose parsed url   auth: null,
155 verbose parsed url   host: null,
155 verbose parsed url   port: null,
155 verbose parsed url   hostname: null,
155 verbose parsed url   hash: null,
155 verbose parsed url   search: null,
155 verbose parsed url   query: null,
155 verbose parsed url   pathname: 'findup-sync@~0.1.0',
155 verbose parsed url   path: 'findup-sync@~0.1.0',
155 verbose parsed url   href: 'findup-sync@~0.1.0' }
156 verbose cache add name="findup-sync" spec="~0.1.0" args=["findup-sync","~0.1.0"]
157 verbose parsed url { protocol: null,
157 verbose parsed url   slashes: null,
157 verbose parsed url   auth: null,
157 verbose parsed url   host: null,
157 verbose parsed url   port: null,
157 verbose parsed url   hostname: null,
157 verbose parsed url   hash: null,
157 verbose parsed url   search: null,
157 verbose parsed url   query: null,
157 verbose parsed url   pathname: '~0.1.0',
157 verbose parsed url   path: '~0.1.0',
157 verbose parsed url   href: '~0.1.0' }
158 verbose addNamed [ 'findup-sync', '~0.1.0' ]
159 verbose addNamed [ null, '>=0.1.0-0 <0.2.0-0' ]
160 silly lockFile 625605b9-findup-sync-0-1-0 findup-sync@~0.1.0
161 verbose lock findup-sync@~0.1.0 /home/aloosley/.npm/625605b9-findup-sync-0-1-0.lock
162 silly addNameRange { name: 'resolve', range: '>=0.3.1-0 <0.4.0-0', hasData: false }
163 silly addNameRange { name: 'nopt', range: '>=1.0.10-0 <1.1.0-0', hasData: false }
164 verbose url raw resolve
165 verbose url resolving [ 'https://registry.npmjs.org/', './resolve' ]
166 verbose url resolved https://registry.npmjs.org/resolve
167 info trying registry request attempt 1 at 00:16:31
168 http GET https://registry.npmjs.org/resolve
169 silly addNameRange { name: 'findup-sync',
169 silly addNameRange   range: '>=0.1.0-0 <0.2.0-0',
169 silly addNameRange   hasData: false }
170 verbose url raw findup-sync
171 verbose url resolving [ 'https://registry.npmjs.org/', './findup-sync' ]
172 verbose url resolved https://registry.npmjs.org/findup-sync
173 info trying registry request attempt 1 at 00:16:31
174 http GET https://registry.npmjs.org/findup-sync
175 verbose url raw nopt
176 verbose url resolving [ 'https://registry.npmjs.org/', './nopt' ]
177 verbose url resolved https://registry.npmjs.org/nopt
178 info trying registry request attempt 1 at 00:16:31
179 verbose etag "2GWKPD9CYD6ZLDZ9J2A2BHFGO"
180 http GET https://registry.npmjs.org/nopt
181 http 200 https://registry.npmjs.org/findup-sync
182 silly registry.get cb [ 200,
182 silly registry.get   { date: 'Thu, 02 Oct 2014 04:16:36 GMT',
182 silly registry.get     server: 'CouchDB/1.5.0 (Erlang OTP/R16B03)',
182 silly registry.get     etag: '"4LEKH44R5GDQN14Q3HPISN3QW"',
182 silly registry.get     'content-type': 'application/json',
182 silly registry.get     'cache-control': 'max-age=60',
182 silly registry.get     'content-length': '7213',
182 silly registry.get     'accept-ranges': 'bytes',
182 silly registry.get     via: '1.1 varnish',
182 silly registry.get     age: '627',
182 silly registry.get     'x-served-by': 'cache-jfk1024-JFK',
182 silly registry.get     'x-cache': 'HIT',
182 silly registry.get     'x-cache-hits': '2',
182 silly registry.get     'x-timer': 'S1412223396.294332,VS0,VE0',
182 silly registry.get     vary: 'Accept',
182 silly registry.get     'keep-alive': 'timeout=10, max=50',
182 silly registry.get     connection: 'Keep-Alive' } ]
183 silly addNameRange number 2 { name: 'findup-sync',
183 silly addNameRange   range: '>=0.1.0-0 <0.2.0-0',
183 silly addNameRange   hasData: true }
184 silly addNameRange versions [ 'findup-sync', [ '0.1.0', '0.1.1', '0.1.2', '0.1.3' ] ]
185 verbose addNamed [ 'findup-sync', '0.1.3' ]
186 verbose addNamed [ '0.1.3', '0.1.3' ]
187 silly lockFile 7d59adfa-findup-sync-0-1-3 findup-sync@0.1.3
188 verbose lock findup-sync@0.1.3 /home/aloosley/.npm/7d59adfa-findup-sync-0-1-3.lock
189 silly lockFile 21bbbbf7-indup-sync-findup-sync-0-1-3-tgz https://registry.npmjs.org/findup-sync/-/findup-sync-0.1.3.tgz
190 verbose lock https://registry.npmjs.org/findup-sync/-/findup-sync-0.1.3.tgz /home/aloosley/.npm/21bbbbf7-indup-sync-findup-sync-0-1-3-tgz.lock
191 verbose addRemoteTarball [ 'https://registry.npmjs.org/findup-sync/-/findup-sync-0.1.3.tgz',
191 verbose addRemoteTarball   '7f3e7a97b82392c653bf06589bd85190e93c3683' ]
192 info retry fetch attempt 1 at 00:16:31
193 verbose fetch to= /home/aloosley/tmp/npm-16669-dwkw7B6W/1412223391345-0.016293118242174387/tmp.tgz
194 http 304 https://registry.npmjs.org/nopt
195 silly registry.get cb [ 304,
195 silly registry.get   { date: 'Thu, 02 Oct 2014 04:16:36 GMT',
195 silly registry.get     server: 'Apache',
195 silly registry.get     via: '1.1 varnish',
195 silly registry.get     'last-modified': 'Thu, 02 Oct 2014 04:16:28 GMT',
195 silly registry.get     'cache-control': 'max-age=60',
195 silly registry.get     etag: '"2GWKPD9CYD6ZLDZ9J2A2BHFGO"',
195 silly registry.get     'x-served-by': 'cache-iad2125-IAD',
195 silly registry.get     'x-cache': 'HIT',
195 silly registry.get     'x-cache-hits': '2',
195 silly registry.get     'x-timer': 'S1412223396.310359,VS0,VE0',
195 silly registry.get     vary: 'Accept',
195 silly registry.get     'content-length': '0',
195 silly registry.get     'keep-alive': 'timeout=10, max=50',
195 silly registry.get     connection: 'Keep-Alive' } ]
196 verbose etag nopt from cache
197 http GET https://registry.npmjs.org/findup-sync/-/findup-sync-0.1.3.tgz
198 silly addNameRange number 2 { name: 'nopt', range: '>=1.0.10-0 <1.1.0-0', hasData: true }
199 silly addNameRange versions [ 'nopt',
199 silly addNameRange   [ '1.0.0',
199 silly addNameRange     '1.0.1',
199 silly addNameRange     '1.0.2',
199 silly addNameRange     '1.0.3',
199 silly addNameRange     '1.0.4',
199 silly addNameRange     '1.0.5',
199 silly addNameRange     '1.0.6',
199 silly addNameRange     '1.0.7',
199 silly addNameRange     '1.0.8',
199 silly addNameRange     '1.0.9',
199 silly addNameRange     '1.0.10',
199 silly addNameRange     '2.0.0',
199 silly addNameRange     '2.1.0',
199 silly addNameRange     '2.1.1',
199 silly addNameRange     '2.1.2',
199 silly addNameRange     '2.2.0',
199 silly addNameRange     '2.2.1',
199 silly addNameRange     '3.0.0',
199 silly addNameRange     '3.0.1' ] ]
200 verbose addNamed [ 'nopt', '1.0.10' ]
201 verbose addNamed [ '1.0.10', '1.0.10' ]
202 silly lockFile 1be903a1-nopt-1-0-10 nopt@1.0.10
203 verbose lock nopt@1.0.10 /home/aloosley/.npm/1be903a1-nopt-1-0-10.lock
204 silly lockFile 1be903a1-nopt-1-0-10 nopt@1.0.10
205 silly lockFile 1be903a1-nopt-1-0-10 nopt@1.0.10
206 silly lockFile 79f78dba-nopt-1-0-10 nopt@~1.0.10
207 silly lockFile 79f78dba-nopt-1-0-10 nopt@~1.0.10
208 http 200 https://registry.npmjs.org/resolve
209 silly registry.get cb [ 200,
209 silly registry.get   { date: 'Thu, 02 Oct 2014 04:16:36 GMT',
209 silly registry.get     server: 'CouchDB/1.5.0 (Erlang OTP/R16B03)',
209 silly registry.get     etag: '"E8EO3VI6KDFATVHO865FSU1SZ"',
209 silly registry.get     'content-type': 'application/json',
209 silly registry.get     'cache-control': 'max-age=60',
209 silly registry.get     'content-length': '36793',
209 silly registry.get     'accept-ranges': 'bytes',
209 silly registry.get     via: '1.1 varnish',
209 silly registry.get     age: '142',
209 silly registry.get     'x-served-by': 'cache-iad2127-IAD',
209 silly registry.get     'x-cache': 'HIT',
209 silly registry.get     'x-cache-hits': '1',
209 silly registry.get     'x-timer': 'S1412223396.310500,VS0,VE0',
209 silly registry.get     vary: 'Accept',
209 silly registry.get     'keep-alive': 'timeout=10, max=50',
209 silly registry.get     connection: 'Keep-Alive' } ]
210 silly addNameRange number 2 { name: 'resolve', range: '>=0.3.1-0 <0.4.0-0', hasData: true }
211 silly addNameRange versions [ 'resolve',
211 silly addNameRange   [ '0.0.0',
211 silly addNameRange     '0.0.1',
211 silly addNameRange     '0.0.2',
211 silly addNameRange     '0.0.3',
211 silly addNameRange     '0.0.4',
211 silly addNameRange     '0.1.0',
211 silly addNameRange     '0.1.2',
211 silly addNameRange     '0.1.3',
211 silly addNameRange     '0.2.0',
211 silly addNameRange     '0.2.1',
211 silly addNameRange     '0.2.2',
211 silly addNameRange     '0.2.3',
211 silly addNameRange     '0.2.4',
211 silly addNameRange     '0.2.5',
211 silly addNameRange     '0.2.6',
211 silly addNameRange     '0.2.7',
211 silly addNameRange     '0.2.8',
211 silly addNameRange     '0.3.0',
211 silly addNameRange     '0.3.1',
211 silly addNameRange     '0.4.0',
211 silly addNameRange     '0.4.1',
211 silly addNameRange     '0.4.2',
211 silly addNameRange     '0.4.3',
211 silly addNameRange     '0.5.0',
211 silly addNameRange     '0.5.1',
211 silly addNameRange     '0.6.0',
211 silly addNameRange     '0.6.1',
211 silly addNameRange     '0.6.2',
211 silly addNameRange     '0.6.3',
211 silly addNameRange     '0.7.0',
211 silly addNameRange     '0.7.1',
211 silly addNameRange     '0.7.2',
211 silly addNameRange     '0.7.3',
211 silly addNameRange     '0.7.4',
211 silly addNameRange     '1.0.0' ] ]
212 verbose addNamed [ 'resolve', '0.3.1' ]
213 verbose addNamed [ '0.3.1', '0.3.1' ]
214 silly lockFile 95464470-resolve-0-3-1 resolve@0.3.1
215 verbose lock resolve@0.3.1 /home/aloosley/.npm/95464470-resolve-0-3-1.lock
216 silly lockFile e92308c0-js-org-resolve-resolve-0-3-1-tgz https://registry.npmjs.org/resolve/-/resolve-0.3.1.tgz
217 verbose lock https://registry.npmjs.org/resolve/-/resolve-0.3.1.tgz /home/aloosley/.npm/e92308c0-js-org-resolve-resolve-0-3-1-tgz.lock
218 verbose addRemoteTarball [ 'https://registry.npmjs.org/resolve/-/resolve-0.3.1.tgz',
218 verbose addRemoteTarball   '34c63447c664c70598d1c9b126fc43b2a24310a4' ]
219 info retry fetch attempt 1 at 00:16:31
220 verbose fetch to= /home/aloosley/tmp/npm-16669-dwkw7B6W/1412223391508-0.8086466456297785/tmp.tgz
221 http GET https://registry.npmjs.org/resolve/-/resolve-0.3.1.tgz
222 http 200 https://registry.npmjs.org/findup-sync/-/findup-sync-0.1.3.tgz
223 verbose tar unpack /home/aloosley/tmp/npm-16669-dwkw7B6W/1412223391345-0.016293118242174387/tmp.tgz
224 silly lockFile 0c58798e-345-0-016293118242174387-package tar:///home/aloosley/tmp/npm-16669-dwkw7B6W/1412223391345-0.016293118242174387/package
225 verbose lock tar:///home/aloosley/tmp/npm-16669-dwkw7B6W/1412223391345-0.016293118242174387/package /home/aloosley/.npm/0c58798e-345-0-016293118242174387-package.lock
226 silly lockFile faa0e38e-345-0-016293118242174387-tmp-tgz tar:///home/aloosley/tmp/npm-16669-dwkw7B6W/1412223391345-0.016293118242174387/tmp.tgz
227 verbose lock tar:///home/aloosley/tmp/npm-16669-dwkw7B6W/1412223391345-0.016293118242174387/tmp.tgz /home/aloosley/.npm/faa0e38e-345-0-016293118242174387-tmp-tgz.lock
228 silly gunzTarPerm modes [ '755', '644' ]
229 silly gunzTarPerm extractEntry package.json
230 silly gunzTarPerm extractEntry .npmignore
231 silly gunzTarPerm extractEntry README.md
232 silly gunzTarPerm extractEntry Gruntfile.js
233 silly gunzTarPerm extractEntry .jshintrc
234 silly gunzTarPerm extractEntry .travis.yml
235 silly gunzTarPerm extractEntry LICENSE-MIT
236 silly gunzTarPerm extractEntry lib/findup-sync.js
237 silly gunzTarPerm extractEntry test/findup-sync_test.js
238 silly gunzTarPerm extractEntry test/fixtures/a/b/bar.txt
239 silly gunzTarPerm extractEntry test/fixtures/a/foo.txt
240 silly gunzTarPerm extractEntry test/fixtures/a.txt
241 silly gunzTarPerm extractEntry test/fixtures/aaa.txt
242 silly lockFile 0c58798e-345-0-016293118242174387-package tar:///home/aloosley/tmp/npm-16669-dwkw7B6W/1412223391345-0.016293118242174387/package
243 silly lockFile 0c58798e-345-0-016293118242174387-package tar:///home/aloosley/tmp/npm-16669-dwkw7B6W/1412223391345-0.016293118242174387/package
244 silly lockFile faa0e38e-345-0-016293118242174387-tmp-tgz tar:///home/aloosley/tmp/npm-16669-dwkw7B6W/1412223391345-0.016293118242174387/tmp.tgz
245 silly lockFile faa0e38e-345-0-016293118242174387-tmp-tgz tar:///home/aloosley/tmp/npm-16669-dwkw7B6W/1412223391345-0.016293118242174387/tmp.tgz
246 verbose tar pack [ '/home/aloosley/.npm/findup-sync/0.1.3/package.tgz',
246 verbose tar pack   '/home/aloosley/tmp/npm-16669-dwkw7B6W/1412223391345-0.016293118242174387/package' ]
247 verbose tarball /home/aloosley/.npm/findup-sync/0.1.3/package.tgz
248 verbose folder /home/aloosley/tmp/npm-16669-dwkw7B6W/1412223391345-0.016293118242174387/package
249 silly lockFile 0c58798e-345-0-016293118242174387-package tar:///home/aloosley/tmp/npm-16669-dwkw7B6W/1412223391345-0.016293118242174387/package
250 verbose lock tar:///home/aloosley/tmp/npm-16669-dwkw7B6W/1412223391345-0.016293118242174387/package /home/aloosley/.npm/0c58798e-345-0-016293118242174387-package.lock
251 silly lockFile 73952bd7-pm-findup-sync-0-1-3-package-tgz tar:///home/aloosley/.npm/findup-sync/0.1.3/package.tgz
252 verbose lock tar:///home/aloosley/.npm/findup-sync/0.1.3/package.tgz /home/aloosley/.npm/73952bd7-pm-findup-sync-0-1-3-package-tgz.lock
253 http 200 https://registry.npmjs.org/resolve/-/resolve-0.3.1.tgz
254 verbose tar unpack /home/aloosley/tmp/npm-16669-dwkw7B6W/1412223391508-0.8086466456297785/tmp.tgz
255 silly lockFile 33e4cea1-91508-0-8086466456297785-package tar:///home/aloosley/tmp/npm-16669-dwkw7B6W/1412223391508-0.8086466456297785/package
256 verbose lock tar:///home/aloosley/tmp/npm-16669-dwkw7B6W/1412223391508-0.8086466456297785/package /home/aloosley/.npm/33e4cea1-91508-0-8086466456297785-package.lock
257 silly lockFile dcda01e7-91508-0-8086466456297785-tmp-tgz tar:///home/aloosley/tmp/npm-16669-dwkw7B6W/1412223391508-0.8086466456297785/tmp.tgz
258 verbose lock tar:///home/aloosley/tmp/npm-16669-dwkw7B6W/1412223391508-0.8086466456297785/tmp.tgz /home/aloosley/.npm/dcda01e7-91508-0-8086466456297785-tmp-tgz.lock
259 silly gunzTarPerm modes [ '755', '644' ]
260 silly gunzTarPerm extractEntry package.json
261 silly gunzTarPerm extractEntry LICENSE
262 silly gunzTarPerm extractEntry index.js
263 silly gunzTarPerm extractEntry example/async.js
264 silly gunzTarPerm extractEntry example/sync.js
265 silly lockFile 0c58798e-345-0-016293118242174387-package tar:///home/aloosley/tmp/npm-16669-dwkw7B6W/1412223391345-0.016293118242174387/package
266 silly lockFile 0c58798e-345-0-016293118242174387-package tar:///home/aloosley/tmp/npm-16669-dwkw7B6W/1412223391345-0.016293118242174387/package
267 silly lockFile 73952bd7-pm-findup-sync-0-1-3-package-tgz tar:///home/aloosley/.npm/findup-sync/0.1.3/package.tgz
268 silly lockFile 73952bd7-pm-findup-sync-0-1-3-package-tgz tar:///home/aloosley/.npm/findup-sync/0.1.3/package.tgz
269 silly lockFile fe15d5ad-ey-npm-findup-sync-0-1-3-package /home/aloosley/.npm/findup-sync/0.1.3/package
270 verbose lock /home/aloosley/.npm/findup-sync/0.1.3/package /home/aloosley/.npm/fe15d5ad-ey-npm-findup-sync-0-1-3-package.lock
271 silly gunzTarPerm extractEntry readme.markdown
272 silly gunzTarPerm extractEntry test/resolver.js
273 silly lockFile fe15d5ad-ey-npm-findup-sync-0-1-3-package /home/aloosley/.npm/findup-sync/0.1.3/package
274 silly lockFile fe15d5ad-ey-npm-findup-sync-0-1-3-package /home/aloosley/.npm/findup-sync/0.1.3/package
275 verbose tar unpack /home/aloosley/.npm/findup-sync/0.1.3/package.tgz
276 silly lockFile 3f9eef8f-ey-npm-findup-sync-0-1-3-package tar:///home/aloosley/.npm/findup-sync/0.1.3/package
277 verbose lock tar:///home/aloosley/.npm/findup-sync/0.1.3/package /home/aloosley/.npm/3f9eef8f-ey-npm-findup-sync-0-1-3-package.lock
278 silly lockFile 73952bd7-pm-findup-sync-0-1-3-package-tgz tar:///home/aloosley/.npm/findup-sync/0.1.3/package.tgz
279 verbose lock tar:///home/aloosley/.npm/findup-sync/0.1.3/package.tgz /home/aloosley/.npm/73952bd7-pm-findup-sync-0-1-3-package-tgz.lock
280 silly gunzTarPerm modes [ '755', '644' ]
281 silly gunzTarPerm extractEntry test/core.js
282 silly gunzTarPerm extractEntry test/filter_sync.js
283 silly gunzTarPerm extractEntry package.json
284 silly gunzTarPerm extractEntry .npmignore
285 silly gunzTarPerm extractEntry README.md
286 silly gunzTarPerm extractEntry test/resolver_sync.js
287 silly gunzTarPerm extractEntry Gruntfile.js
288 silly gunzTarPerm extractEntry .jshintrc
289 silly gunzTarPerm extractEntry test/filter.js
290 silly gunzTarPerm extractEntry test/mock.js
291 silly gunzTarPerm extractEntry .travis.yml
292 silly gunzTarPerm extractEntry LICENSE-MIT
293 silly gunzTarPerm extractEntry test/mock_sync.js
294 silly gunzTarPerm extractEntry test/resolver/mug.js
295 silly gunzTarPerm extractEntry lib/findup-sync.js
296 silly gunzTarPerm extractEntry test/findup-sync_test.js
297 silly gunzTarPerm extractEntry test/fixtures/a/b/bar.txt
298 silly gunzTarPerm extractEntry test/fixtures/a/foo.txt
299 silly gunzTarPerm extractEntry test/resolver/foo.js
300 silly gunzTarPerm extractEntry test/resolver/mug.coffee
301 silly gunzTarPerm extractEntry test/fixtures/a.txt
302 silly gunzTarPerm extractEntry test/fixtures/aaa.txt
303 silly gunzTarPerm extractEntry test/resolver/cup.coffee
304 silly gunzTarPerm extractEntry test/resolver/other_path/root.js
305 silly gunzTarPerm extractEntry test/resolver/other_path/lib/other-lib.js
306 silly gunzTarPerm extractEntry test/resolver/bar/node_modules/foo/index.js
307 silly gunzTarPerm extractEntry test/resolver/baz/package.json
308 silly gunzTarPerm extractEntry test/resolver/baz/quux.js
309 silly gunzTarPerm extractEntry test/resolver/baz/doom.js
310 silly gunzTarPerm extractEntry test/resolver/biz/node_modules/tiv/index.js
311 silly gunzTarPerm extractEntry test/resolver/biz/node_modules/grux/index.js
312 silly gunzTarPerm extractEntry .travis.yml
313 silly gunzTarPerm extractEntry lib/core.js
314 silly gunzTarPerm extractEntry lib/async.js
315 silly gunzTarPerm extractEntry lib/sync.js
316 silly gunzTarPerm extractEntry lib/core.json
317 silly lockFile 3f9eef8f-ey-npm-findup-sync-0-1-3-package tar:///home/aloosley/.npm/findup-sync/0.1.3/package
318 silly lockFile 3f9eef8f-ey-npm-findup-sync-0-1-3-package tar:///home/aloosley/.npm/findup-sync/0.1.3/package
319 silly lockFile 73952bd7-pm-findup-sync-0-1-3-package-tgz tar:///home/aloosley/.npm/findup-sync/0.1.3/package.tgz
320 silly lockFile 73952bd7-pm-findup-sync-0-1-3-package-tgz tar:///home/aloosley/.npm/findup-sync/0.1.3/package.tgz
321 verbose chmod /home/aloosley/.npm/findup-sync/0.1.3/package.tgz 644
322 verbose chown /home/aloosley/.npm/findup-sync/0.1.3/package.tgz [ 1000, 1000 ]
323 silly lockFile 21bbbbf7-indup-sync-findup-sync-0-1-3-tgz https://registry.npmjs.org/findup-sync/-/findup-sync-0.1.3.tgz
324 silly lockFile 21bbbbf7-indup-sync-findup-sync-0-1-3-tgz https://registry.npmjs.org/findup-sync/-/findup-sync-0.1.3.tgz
325 silly lockFile 7d59adfa-findup-sync-0-1-3 findup-sync@0.1.3
326 silly lockFile 7d59adfa-findup-sync-0-1-3 findup-sync@0.1.3
327 silly lockFile 625605b9-findup-sync-0-1-0 findup-sync@~0.1.0
328 silly lockFile 625605b9-findup-sync-0-1-0 findup-sync@~0.1.0
329 silly lockFile 33e4cea1-91508-0-8086466456297785-package tar:///home/aloosley/tmp/npm-16669-dwkw7B6W/1412223391508-0.8086466456297785/package
330 silly lockFile 33e4cea1-91508-0-8086466456297785-package tar:///home/aloosley/tmp/npm-16669-dwkw7B6W/1412223391508-0.8086466456297785/package
331 silly lockFile dcda01e7-91508-0-8086466456297785-tmp-tgz tar:///home/aloosley/tmp/npm-16669-dwkw7B6W/1412223391508-0.8086466456297785/tmp.tgz
332 silly lockFile dcda01e7-91508-0-8086466456297785-tmp-tgz tar:///home/aloosley/tmp/npm-16669-dwkw7B6W/1412223391508-0.8086466456297785/tmp.tgz
333 verbose tar pack [ '/home/aloosley/.npm/resolve/0.3.1/package.tgz',
333 verbose tar pack   '/home/aloosley/tmp/npm-16669-dwkw7B6W/1412223391508-0.8086466456297785/package' ]
334 verbose tarball /home/aloosley/.npm/resolve/0.3.1/package.tgz
335 verbose folder /home/aloosley/tmp/npm-16669-dwkw7B6W/1412223391508-0.8086466456297785/package
336 silly lockFile 33e4cea1-91508-0-8086466456297785-package tar:///home/aloosley/tmp/npm-16669-dwkw7B6W/1412223391508-0.8086466456297785/package
337 verbose lock tar:///home/aloosley/tmp/npm-16669-dwkw7B6W/1412223391508-0.8086466456297785/package /home/aloosley/.npm/33e4cea1-91508-0-8086466456297785-package.lock
338 silly lockFile 785fcb1b-ey-npm-resolve-0-3-1-package-tgz tar:///home/aloosley/.npm/resolve/0.3.1/package.tgz
339 verbose lock tar:///home/aloosley/.npm/resolve/0.3.1/package.tgz /home/aloosley/.npm/785fcb1b-ey-npm-resolve-0-3-1-package-tgz.lock
340 silly lockFile 33e4cea1-91508-0-8086466456297785-package tar:///home/aloosley/tmp/npm-16669-dwkw7B6W/1412223391508-0.8086466456297785/package
341 silly lockFile 33e4cea1-91508-0-8086466456297785-package tar:///home/aloosley/tmp/npm-16669-dwkw7B6W/1412223391508-0.8086466456297785/package
342 silly lockFile 785fcb1b-ey-npm-resolve-0-3-1-package-tgz tar:///home/aloosley/.npm/resolve/0.3.1/package.tgz
343 silly lockFile 785fcb1b-ey-npm-resolve-0-3-1-package-tgz tar:///home/aloosley/.npm/resolve/0.3.1/package.tgz
344 silly lockFile 1b68b9b6-oosley-npm-resolve-0-3-1-package /home/aloosley/.npm/resolve/0.3.1/package
345 verbose lock /home/aloosley/.npm/resolve/0.3.1/package /home/aloosley/.npm/1b68b9b6-oosley-npm-resolve-0-3-1-package.lock
346 silly lockFile 1b68b9b6-oosley-npm-resolve-0-3-1-package /home/aloosley/.npm/resolve/0.3.1/package
347 silly lockFile 1b68b9b6-oosley-npm-resolve-0-3-1-package /home/aloosley/.npm/resolve/0.3.1/package
348 verbose tar unpack /home/aloosley/.npm/resolve/0.3.1/package.tgz
349 silly lockFile 11c3cddd-oosley-npm-resolve-0-3-1-package tar:///home/aloosley/.npm/resolve/0.3.1/package
350 verbose lock tar:///home/aloosley/.npm/resolve/0.3.1/package /home/aloosley/.npm/11c3cddd-oosley-npm-resolve-0-3-1-package.lock
351 silly lockFile 785fcb1b-ey-npm-resolve-0-3-1-package-tgz tar:///home/aloosley/.npm/resolve/0.3.1/package.tgz
352 verbose lock tar:///home/aloosley/.npm/resolve/0.3.1/package.tgz /home/aloosley/.npm/785fcb1b-ey-npm-resolve-0-3-1-package-tgz.lock
353 silly gunzTarPerm modes [ '755', '644' ]
354 silly gunzTarPerm extractEntry package.json
355 silly gunzTarPerm extractEntry LICENSE
356 silly gunzTarPerm extractEntry index.js
357 silly gunzTarPerm extractEntry .travis.yml
358 silly gunzTarPerm extractEntry example/async.js
359 silly gunzTarPerm extractEntry example/sync.js
360 silly gunzTarPerm extractEntry lib/async.js
361 silly gunzTarPerm extractEntry lib/core.js
362 silly gunzTarPerm extractEntry lib/sync.js
363 silly gunzTarPerm extractEntry lib/core.json
364 silly gunzTarPerm extractEntry readme.markdown
365 silly gunzTarPerm extractEntry test/core.js
366 silly gunzTarPerm extractEntry test/filter.js
367 silly gunzTarPerm extractEntry test/filter_sync.js
368 silly gunzTarPerm extractEntry test/mock.js
369 silly gunzTarPerm extractEntry test/mock_sync.js
370 silly gunzTarPerm extractEntry test/resolver.js
371 silly gunzTarPerm extractEntry test/resolver_sync.js
372 silly gunzTarPerm extractEntry test/resolver/foo.js
373 silly gunzTarPerm extractEntry test/resolver/mug.js
374 silly gunzTarPerm extractEntry test/resolver/bar/node_modules/foo/index.js
375 silly gunzTarPerm extractEntry test/resolver/baz/package.json
376 silly gunzTarPerm extractEntry test/resolver/baz/doom.js
377 silly gunzTarPerm extractEntry test/resolver/baz/quux.js
378 silly gunzTarPerm extractEntry test/resolver/biz/node_modules/grux/index.js
379 silly gunzTarPerm extractEntry test/resolver/biz/node_modules/tiv/index.js
380 silly gunzTarPerm extractEntry test/resolver/cup.coffee
381 silly gunzTarPerm extractEntry test/resolver/mug.coffee
382 silly gunzTarPerm extractEntry test/resolver/other_path/root.js
383 silly gunzTarPerm extractEntry test/resolver/other_path/lib/other-lib.js
384 silly lockFile 11c3cddd-oosley-npm-resolve-0-3-1-package tar:///home/aloosley/.npm/resolve/0.3.1/package
385 silly lockFile 11c3cddd-oosley-npm-resolve-0-3-1-package tar:///home/aloosley/.npm/resolve/0.3.1/package
386 silly lockFile 785fcb1b-ey-npm-resolve-0-3-1-package-tgz tar:///home/aloosley/.npm/resolve/0.3.1/package.tgz
387 silly lockFile 785fcb1b-ey-npm-resolve-0-3-1-package-tgz tar:///home/aloosley/.npm/resolve/0.3.1/package.tgz
388 verbose chmod /home/aloosley/.npm/resolve/0.3.1/package.tgz 644
389 verbose chown /home/aloosley/.npm/resolve/0.3.1/package.tgz [ 1000, 1000 ]
390 silly lockFile e92308c0-js-org-resolve-resolve-0-3-1-tgz https://registry.npmjs.org/resolve/-/resolve-0.3.1.tgz
391 silly lockFile e92308c0-js-org-resolve-resolve-0-3-1-tgz https://registry.npmjs.org/resolve/-/resolve-0.3.1.tgz
392 silly lockFile 95464470-resolve-0-3-1 resolve@0.3.1
393 silly lockFile 95464470-resolve-0-3-1 resolve@0.3.1
394 silly lockFile 7958d065-resolve-0-3-1 resolve@~0.3.1
395 silly lockFile 7958d065-resolve-0-3-1 resolve@~0.3.1
396 silly resolved [ { name: 'nopt',
396 silly resolved     version: '1.0.10',
396 silly resolved     description: 'Option parsing for Node, supporting types, shorthands, etc. Used by npm.',
396 silly resolved     author:
396 silly resolved      { name: 'Isaac Z. Schlueter',
396 silly resolved        email: 'i@izs.me',
396 silly resolved        url: 'http://blog.izs.me/' },
396 silly resolved     main: 'lib/nopt.js',
396 silly resolved     scripts: { test: 'node lib/nopt.js' },
396 silly resolved     repository: { type: 'git', url: 'http://github.com/isaacs/nopt' },
396 silly resolved     bin: { nopt: './bin/nopt.js' },
396 silly resolved     license:
396 silly resolved      { type: 'MIT',
396 silly resolved        url: 'https://github.com/isaacs/nopt/raw/master/LICENSE' },
396 silly resolved     dependencies: { abbrev: '1' },
396 silly resolved     readme: 'If you want to write an option parser, and have it be good, there are\ntwo ways to do it.  The Right Way, and the Wrong Way.\n\nThe Wrong Way is to sit down and write an option parser.  We\'ve all done\nthat.\n\nThe Right Way is to write some complex configurable program with so many\noptions that you go half-insane just trying to manage them all, and put\nit off with duct-tape solutions until you see exactly to the core of the\nproblem, and finally snap and write an awesome option parser.\n\nIf you want to write an option parser, don\'t write an option parser.\nWrite a package manager, or a source control system, or a service\nrestarter, or an operating system.  You probably won\'t end up with a\ngood one of those, but if you don\'t give up, and you are relentless and\ndiligent enough in your procrastination, you may just end up with a very\nnice option parser.\n\n## USAGE\n\n    // my-program.js\n    var nopt = require("nopt")\n      , Stream = require("stream").Stream\n      , path = require("path")\n      , knownOpts = { "foo" : [String, null]\n                    , "bar" : [Stream, Number]\n                    , "baz" : path\n                    , "bloo" : [ "big", "medium", "small" ]\n                    , "flag" : Boolean\n                    , "pick" : Boolean\n                    , "many" : [String, Array]\n                    }\n      , shortHands = { "foofoo" : ["--foo", "Mr. Foo"]\n                     , "b7" : ["--bar", "7"]\n                     , "m" : ["--bloo", "medium"]\n                     , "p" : ["--pick"]\n                     , "f" : ["--flag"]\n                     }\n                 // everything is optional.\n                 // knownOpts and shorthands default to {}\n                 // arg list defaults to process.argv\n                 // slice defaults to 2\n      , parsed = nopt(knownOpts, shortHands, process.argv, 2)\n    console.log(parsed)\n\nThis would give you support for any of the following:\n\n```bash\n$ node my-program.js --foo "blerp" --no-flag\n{ "foo" : "blerp", "flag" : false }\n\n$ node my-program.js ---bar 7 --foo "Mr. Hand" --flag\n{ bar: 7, foo: "Mr. Hand", flag: true }\n\n$ node my-program.js --foo "blerp" -f -----p\n{ foo: "blerp", flag: true, pick: true }\n\n$ node my-program.js -fp --foofoo\n{ foo: "Mr. Foo", flag: true, pick: true }\n\n$ node my-program.js --foofoo -- -fp  # -- stops the flag parsing.\n{ foo: "Mr. Foo", argv: { remain: ["-fp"] } }\n\n$ node my-program.js --blatzk 1000 -fp # unknown opts are ok.\n{ blatzk: 1000, flag: true, pick: true }\n\n$ node my-program.js --blatzk true -fp # but they need a value\n{ blatzk: true, flag: true, pick: true }\n\n$ node my-program.js --no-blatzk -fp # unless they start with "no-"\n{ blatzk: false, flag: true, pick: true }\n\n$ node my-program.js --baz b/a/z # known paths are resolved.\n{ baz: "/Users/isaacs/b/a/z" }\n\n# if Array is one of the types, then it can take many\n# values, and will always be an array.  The other types provided\n# specify what types are allowed in the list.\n\n$ node my-program.js --many 1 --many null --many foo\n{ many: ["1", "null", "foo"] }\n\n$ node my-program.js --many foo\n{ many: ["foo"] }\n```\n\nRead the tests at the bottom of `lib/nopt.js` for more examples of\nwhat this puppy can do.\n\n## Types\n\nThe following types are supported, and defined on `nopt.typeDefs`\n\n* String: A normal string.  No parsing is done.\n* path: A file system path.  Gets resolved against cwd if not absolute.\n* url: A url.  If it doesn\'t parse, it isn\'t accepted.\n* Number: Must be numeric.\n* Date: Must parse as a date. If it does, and `Date` is one of the options,\n  then it will return a Date object, not a string.\n* Boolean: Must be either `true` or `false`.  If an option is a boolean,\n  then it does not need a value, and its presence will imply `true` as\n  the value.  To negate boolean flags, do `--no-whatever` or `--whatever\n  false`\n* NaN: Means that the option is strictly not allowed.  Any value will\n  fail.\n* Stream: An object matching the "Stream" class in node.  Valuable\n  for use when validating programmatically.  (npm uses this to let you\n  supply any WriteStream on the `outfd` and `logfd` config options.)\n* Array: If `Array` is specified as one of the types, then the value\n  will be parsed as a list of options.  This means that multiple values\n  can be specified, and that the value will always be an array.\n\nIf a type is an array of values not on this list, then those are\nconsidered valid values.  For instance, in the example above, the\n`--bloo` option can only be one of `"big"`, `"medium"`, or `"small"`,\nand any other value will be rejected.\n\nWhen parsing unknown fields, `"true"`, `"false"`, and `"null"` will be\ninterpreted as their JavaScript equivalents, and numeric values will be\ninterpreted as a number.\n\nYou can also mix types and values, or multiple types, in a list.  For\ninstance `{ blah: [Number, null] }` would allow a value to be set to\neither a Number or null.\n\nTo define a new type, add it to `nopt.typeDefs`.  Each item in that\nhash is an object with a `type` member and a `validate` method.  The\n`type` member is an object that matches what goes in the type list.  The\n`validate` method is a function that gets called with `validate(data,\nkey, val)`.  Validate methods should assign `data[key]` to the valid\nvalue of `val` if it can be handled properly, or return boolean\n`false` if it cannot.\n\nYou can also call `nopt.clean(data, types, typeDefs)` to clean up a\nconfig object and remove its invalid properties.\n\n## Error Handling\n\nBy default, nopt outputs a warning to standard error when invalid\noptions are found.  You can change this behavior by assigning a method\nto `nopt.invalidHandler`.  This method will be called with\nthe offending `nopt.invalidHandler(key, val, types)`.\n\nIf no `nopt.invalidHandler` is assigned, then it will console.error\nits whining.  If it is assigned to boolean `false` then the warning is\nsuppressed.\n\n## Abbreviations\n\nYes, they are supported.  If you define options like this:\n\n```javascript\n{ "foolhardyelephants" : Boolean\n, "pileofmonkeys" : Boolean }\n```\n\nThen this will work:\n\n```bash\nnode program.js --foolhar --pil\nnode program.js --no-f --pileofmon\n# etc.\n```\n\n## Shorthands\n\nShorthands are a hash of shorter option names to a snippet of args that\nthey expand to.\n\nIf multiple one-character shorthands are all combined, and the\ncombination does not unambiguously match any other option or shorthand,\nthen they will be broken up into their constituent parts.  For example:\n\n```json\n{ "s" : ["--loglevel", "silent"]\n, "g" : "--global"\n, "f" : "--force"\n, "p" : "--parseable"\n, "l" : "--long"\n}\n```\n\n```bash\nnpm ls -sgflp\n# just like doing this:\nnpm ls --loglevel silent --global --force --long --parseable\n```\n\n## The Rest of the args\n\nThe config object returned by nopt is given a special member called\n`argv`, which is an object with the following fields:\n\n* `remain`: The remaining args after all the parsing has occurred.\n* `original`: The args as they originally appeared.\n* `cooked`: The args after flags and shorthands are expanded.\n\n## Slicing\n\nNode programs are called with more or less the exact argv as it appears\nin C land, after the v8 and node-specific options have been plucked off.\nAs such, `argv[0]` is always `node` and `argv[1]` is always the\nJavaScript program being run.\n\nThat\'s usually not very useful to you.  So they\'re sliced off by\ndefault.  If you want them, then you can pass in `0` as the last\nargument, or any other number that you\'d like to slice off the start of\nthe list.\n',
396 silly resolved     readmeFilename: 'README.md',
396 silly resolved     bugs: { url: 'https://github.com/isaacs/nopt/issues' },
396 silly resolved     _id: 'nopt@1.0.10',
396 silly resolved     _from: 'nopt@~1.0.10' },
396 silly resolved   { name: 'findup-sync',
396 silly resolved     description: 'Find the first file matching a given pattern in the current directory or the nearest ancestor directory.',
396 silly resolved     version: '0.1.3',
396 silly resolved     homepage: 'https://github.com/cowboy/node-findup-sync',
396 silly resolved     author: { name: '"Cowboy" Ben Alman', url: 'http://benalman.com/' },
396 silly resolved     repository:
396 silly resolved      { type: 'git',
396 silly resolved        url: 'git://github.com/cowboy/node-findup-sync.git' },
396 silly resolved     bugs: { url: 'https://github.com/cowboy/node-findup-sync/issues' },
396 silly resolved     licenses: [ [Object] ],
396 silly resolved     main: 'lib/findup-sync',
396 silly resolved     engines: { node: '>= 0.6.0' },
396 silly resolved     scripts: { test: 'grunt nodeunit' },
396 silly resolved     dependencies: { glob: '~3.2.9', lodash: '~2.4.1' },
396 silly resolved     devDependencies:
396 silly resolved      { grunt: '~0.4.4',
396 silly resolved        'grunt-contrib-jshint': '~0.9.2',
396 silly resolved        'grunt-contrib-nodeunit': '~0.3.3' },
396 silly resolved     keywords: [ 'find', 'glob', 'file' ],
396 silly resolved     readme: '# findup-sync [![Build Status](https://secure.travis-ci.org/cowboy/node-findup-sync.png?branch=master)](http://travis-ci.org/cowboy/node-findup-sync)\n\nFind the first file matching a given pattern in the current directory or the nearest ancestor directory.\n\n## Getting Started\nInstall the module with: `npm install findup-sync`\n\n```js\nvar findup = require(\'findup-sync\');\n\n// Start looking in the CWD.\nvar filepath1 = findup(\'{a,b}*.txt\');\n\n// Start looking somewhere else, and ignore case (probably a good idea).\nvar filepath2 = findup(\'{a,b}*.txt\', {cwd: \'/some/path\', nocase: true});\n```\n\n## Usage\n\n```js\nfindup(patternOrPatterns [, minimatchOptions])\n```\n\n### patternOrPatterns\nType: `String` or `Array`  \nDefault: none\n\nOne or more wildcard glob patterns. Or just filenames.\n\n### minimatchOptions\nType: `Object`  \nDefault: `{}`\n\nOptions to be passed to [minimatch](https://github.com/isaacs/minimatch).\n\nNote that if you want to start in a different directory than the current working directory, specify a `cwd` property here.\n\n## Contributing\nIn lieu of a formal styleguide, take care to maintain the existing coding style. Add unit tests for any new or changed functionality. Lint and test your code using [Grunt](http://gruntjs.com/).\n\n## Release History\n2014-03-14 - v0.1.3 - Updated dependencies.  \n2013-03-08 - v0.1.2 - Updated dependencies. Fixed a Node 0.9.x bug. Updated unit tests to work cross-platform.  \n2012-11-15 - v0.1.1 - Now works without an options object.  \n2012-11-01 - v0.1.0 - Initial release.\n',
396 silly resolved     readmeFilename: 'README.md',
396 silly resolved     _id: 'findup-sync@0.1.3',
396 silly resolved     dist: { shasum: 'e969e5c9f287421564fb5a9d1f3e445f66293632' },
396 silly resolved     _from: 'findup-sync@~0.1.0',
396 silly resolved     _resolved: 'https://registry.npmjs.org/findup-sync/-/findup-sync-0.1.3.tgz' },
396 silly resolved   { name: 'resolve',
396 silly resolved     description: 'resolve like require.resolve() on behalf of files asynchronously and synchronously',
396 silly resolved     version: '0.3.1',
396 silly resolved     repository:
396 silly resolved      { type: 'git',
396 silly resolved        url: 'git://github.com/substack/node-resolve.git' },
396 silly resolved     main: 'index.js',
396 silly resolved     keywords: [ 'resolve', 'require', 'node', 'module' ],
396 silly resolved     scripts: { test: 'tap test/*.js' },
396 silly resolved     devDependencies: { tap: '~0.4.0' },
396 silly resolved     license: 'MIT',
396 silly resolved     author:
396 silly resolved      { name: 'James Halliday',
396 silly resolved        email: 'mail@substack.net',
396 silly resolved        url: 'http://substack.net' },
396 silly resolved     readme: '# resolve\n\nimplements the [node `require.resolve()`\nalgorithm](http://nodejs.org/docs/v0.4.8/api/all.html#all_Together...)\nsuch that you can `require.resolve()` on behalf of a file asynchronously and\nsynchronously\n\n[![build status](https://secure.travis-ci.org/substack/node-resolve.png)](http://travis-ci.org/substack/node-resolve)\n\n# example\n\nasynchronously resolve:\n\n``` js\nvar resolve = require(\'resolve\');\nresolve(\'tap\', { basedir: __dirname }, function (err, res) {\n    if (err) console.error(err)\n    else console.log(res)\n});\n```\n\n```\n$ node example/async.js\n/home/substack/projects/node-resolve/node_modules/tap/lib/main.js\n```\n\nsynchronously resolve:\n\n``` js\nvar resolve = require(\'resolve\');\nvar res = resolve.sync(\'tap\', { basedir: __dirname });\nconsole.log(res);\n```\n\n```\n$ node example/sync.js\n/home/substack/projects/node-resolve/node_modules/tap/lib/main.js\n```\n\n# methods\n\n``` js\nvar resolve = require(\'resolve\')\n```\n\n## resolve(pkg, opts={}, cb)\n\nAsynchronously resolve the module path string `pkg` into `cb(err, res)`.\n\noptions are:\n\n* opts.basedir - directory to begin resolving from\n\n* opts.extensions - array of file extensions to search in order\n\n* opts.readFile - how to read files asynchronously\n\n* opts.isFile - function to asynchronously test whether a file exists\n\n* opts.packageFilter - transform the parsed package.json contents before looking\nat the "main" field\n\n* opts.paths - require.paths array to use if nothing is found on the normal\nnode_modules recursive walk (probably don\'t use this)\n\ndefault `opts` values:\n\n``` javascript\n{\n    paths: [],\n    basedir: __dirname,\n    extensions: [ \'.js\' ],\n    readFile: fs.readFile,\n    isFile: function (file, cb) {\n        fs.stat(file, function (err, stat) {\n            if (err && err.code === \'ENOENT\') cb(null, false)\n            else if (err) cb(err)\n            else cb(null, stat.isFile())\n        });\n    }\n}\n```\n\n## resolve.sync(pkg, opts)\n\nSynchronously resolve the module path string `pkg`, returning the result and\nthrowing an error when `pkg` can\'t be resolved.\n\noptions are:\n\n* opts.basedir - directory to begin resolving from\n\n* opts.extensions - array of file extensions to search in order\n\n* opts.readFile - how to read files synchronously\n\n* opts.isFile - function to synchronously test whether a file exists\n\n* opts.packageFilter - transform the parsed package.json contents before looking\nat the "main" field\n\n* opts.paths - require.paths array to use if nothing is found on the normal\nnode_modules recursive walk (probably don\'t use this)\n\ndefault `opts` values:\n\n``` javascript\n{\n    paths: [],\n    basedir: __dirname,\n    extensions: [ \'.js\' ],\n    readFileSync: fs.readFileSync,\n    isFile: function (file) {\n        try { return fs.statSync(file).isFile() }\n        catch (e) { return false }\n    }\n}\n````\n\n## resolve.isCore(pkg)\n\nReturn whether a package is in core.\n\n# install\n\nWith [npm](https://npmjs.org) do:\n\n```\nnpm install resolve\n```\n\n# license\n\nMIT\n',
396 silly resolved     readmeFilename: 'readme.markdown',
396 silly resolved     bugs: { url: 'https://github.com/substack/node-resolve/issues' },
396 silly resolved     _id: 'resolve@0.3.1',
396 silly resolved     dist: { shasum: '710ee85c72df1c162d407db629387730c7314031' },
396 silly resolved     _from: 'resolve@~0.3.1',
396 silly resolved     _resolved: 'https://registry.npmjs.org/resolve/-/resolve-0.3.1.tgz' } ]
397 info install nopt@1.0.10 into /home/aloosley/host/dataIncubator/datacourse/projects/crimeAndHousing/web/node_modules/grunt-cli
398 info install findup-sync@0.1.3 into /home/aloosley/host/dataIncubator/datacourse/projects/crimeAndHousing/web/node_modules/grunt-cli
399 info install resolve@0.3.1 into /home/aloosley/host/dataIncubator/datacourse/projects/crimeAndHousing/web/node_modules/grunt-cli
400 info installOne nopt@1.0.10
401 info installOne findup-sync@0.1.3
402 info installOne resolve@0.3.1
403 info /home/aloosley/host/dataIncubator/datacourse/projects/crimeAndHousing/web/node_modules/grunt-cli/node_modules/nopt unbuild
404 info /home/aloosley/host/dataIncubator/datacourse/projects/crimeAndHousing/web/node_modules/grunt-cli/node_modules/resolve unbuild
405 info /home/aloosley/host/dataIncubator/datacourse/projects/crimeAndHousing/web/node_modules/grunt-cli/node_modules/findup-sync unbuild
406 verbose tar unpack /home/aloosley/.npm/resolve/0.3.1/package.tgz
407 silly lockFile b448faee-s-grunt-cli-node-modules-resolve tar:///home/aloosley/host/dataIncubator/datacourse/projects/crimeAndHousing/web/node_modules/grunt-cli/node_modules/resolve
408 verbose lock tar:///home/aloosley/host/dataIncubator/datacourse/projects/crimeAndHousing/web/node_modules/grunt-cli/node_modules/resolve /home/aloosley/.npm/b448faee-s-grunt-cli-node-modules-resolve.lock
409 silly lockFile 785fcb1b-ey-npm-resolve-0-3-1-package-tgz tar:///home/aloosley/.npm/resolve/0.3.1/package.tgz
410 verbose lock tar:///home/aloosley/.npm/resolve/0.3.1/package.tgz /home/aloosley/.npm/785fcb1b-ey-npm-resolve-0-3-1-package-tgz.lock
411 verbose tar unpack /home/aloosley/.npm/nopt/1.0.10/package.tgz
412 silly lockFile 872591d9-ules-grunt-cli-node-modules-nopt tar:///home/aloosley/host/dataIncubator/datacourse/projects/crimeAndHousing/web/node_modules/grunt-cli/node_modules/nopt
413 verbose lock tar:///home/aloosley/host/dataIncubator/datacourse/projects/crimeAndHousing/web/node_modules/grunt-cli/node_modules/nopt /home/aloosley/.npm/872591d9-ules-grunt-cli-node-modules-nopt.lock
414 silly lockFile 2a047e78-sley-npm-nopt-1-0-10-package-tgz tar:///home/aloosley/.npm/nopt/1.0.10/package.tgz
415 verbose lock tar:///home/aloosley/.npm/nopt/1.0.10/package.tgz /home/aloosley/.npm/2a047e78-sley-npm-nopt-1-0-10-package-tgz.lock
416 verbose tar unpack /home/aloosley/.npm/findup-sync/0.1.3/package.tgz
417 silly lockFile 3b647264-unt-cli-node-modules-findup-sync tar:///home/aloosley/host/dataIncubator/datacourse/projects/crimeAndHousing/web/node_modules/grunt-cli/node_modules/findup-sync
418 verbose lock tar:///home/aloosley/host/dataIncubator/datacourse/projects/crimeAndHousing/web/node_modules/grunt-cli/node_modules/findup-sync /home/aloosley/.npm/3b647264-unt-cli-node-modules-findup-sync.lock
419 silly lockFile 73952bd7-pm-findup-sync-0-1-3-package-tgz tar:///home/aloosley/.npm/findup-sync/0.1.3/package.tgz
420 verbose lock tar:///home/aloosley/.npm/findup-sync/0.1.3/package.tgz /home/aloosley/.npm/73952bd7-pm-findup-sync-0-1-3-package-tgz.lock
421 silly gunzTarPerm modes [ '755', '644' ]
422 silly gunzTarPerm modes [ '755', '644' ]
423 silly gunzTarPerm modes [ '755', '644' ]
424 silly gunzTarPerm extractEntry package.json
425 silly gunzTarPerm extractEntry package.json
426 silly gunzTarPerm extractEntry package.json
427 silly gunzTarPerm extractEntry LICENSE
428 silly gunzTarPerm extractEntry index.js
429 silly gunzTarPerm extractEntry .npmignore
430 silly gunzTarPerm extractEntry README.md
431 silly gunzTarPerm extractEntry .npmignore
432 silly gunzTarPerm extractEntry README.md
433 silly gunzTarPerm extractEntry .travis.yml
434 silly gunzTarPerm extractEntry example/async.js
435 silly gunzTarPerm extractEntry LICENSE
436 silly gunzTarPerm extractEntry bin/nopt.js
437 silly gunzTarPerm extractEntry Gruntfile.js
438 silly gunzTarPerm extractEntry .jshintrc
439 silly gunzTarPerm extractEntry examples/my-program.js
440 silly gunzTarPerm extractEntry lib/nopt.js
441 silly gunzTarPerm extractEntry example/sync.js
442 silly gunzTarPerm extractEntry lib/async.js
443 silly gunzTarPerm extractEntry .travis.yml
444 silly gunzTarPerm extractEntry LICENSE-MIT
445 silly gunzTarPerm extractEntry lib/core.js
446 silly gunzTarPerm extractEntry lib/sync.js
447 silly gunzTarPerm extractEntry lib/findup-sync.js
448 silly gunzTarPerm extractEntry test/findup-sync_test.js
449 silly gunzTarPerm extractEntry lib/core.json
450 silly gunzTarPerm extractEntry test/fixtures/a/b/bar.txt
451 silly gunzTarPerm extractEntry test/fixtures/a/foo.txt
452 silly gunzTarPerm extractEntry test/fixtures/a.txt
453 silly gunzTarPerm extractEntry test/fixtures/aaa.txt
454 silly gunzTarPerm extractEntry readme.markdown
455 silly gunzTarPerm extractEntry test/core.js
456 silly gunzTarPerm extractEntry test/filter.js
457 silly gunzTarPerm extractEntry test/filter_sync.js
458 silly gunzTarPerm extractEntry test/mock.js
459 silly gunzTarPerm extractEntry test/mock_sync.js
460 silly gunzTarPerm extractEntry test/resolver.js
461 silly gunzTarPerm extractEntry test/resolver_sync.js
462 silly lockFile 872591d9-ules-grunt-cli-node-modules-nopt tar:///home/aloosley/host/dataIncubator/datacourse/projects/crimeAndHousing/web/node_modules/grunt-cli/node_modules/nopt
463 silly lockFile 872591d9-ules-grunt-cli-node-modules-nopt tar:///home/aloosley/host/dataIncubator/datacourse/projects/crimeAndHousing/web/node_modules/grunt-cli/node_modules/nopt
464 silly lockFile 2a047e78-sley-npm-nopt-1-0-10-package-tgz tar:///home/aloosley/.npm/nopt/1.0.10/package.tgz
465 silly lockFile 2a047e78-sley-npm-nopt-1-0-10-package-tgz tar:///home/aloosley/.npm/nopt/1.0.10/package.tgz
466 info preinstall nopt@1.0.10
467 silly gunzTarPerm extractEntry test/resolver/foo.js
468 silly gunzTarPerm extractEntry test/resolver/mug.js
469 verbose readDependencies using package.json deps
470 verbose readDependencies using package.json deps
471 verbose cache add [ 'abbrev@1', null ]
472 verbose cache add name=undefined spec="abbrev@1" args=["abbrev@1",null]
473 verbose parsed url { protocol: null,
473 verbose parsed url   slashes: null,
473 verbose parsed url   auth: null,
473 verbose parsed url   host: null,
473 verbose parsed url   port: null,
473 verbose parsed url   hostname: null,
473 verbose parsed url   hash: null,
473 verbose parsed url   search: null,
473 verbose parsed url   query: null,
473 verbose parsed url   pathname: 'abbrev@1',
473 verbose parsed url   path: 'abbrev@1',
473 verbose parsed url   href: 'abbrev@1' }
474 verbose cache add name="abbrev" spec="1" args=["abbrev","1"]
475 verbose parsed url { protocol: null,
475 verbose parsed url   slashes: null,
475 verbose parsed url   auth: null,
475 verbose parsed url   host: null,
475 verbose parsed url   port: null,
475 verbose parsed url   hostname: null,
475 verbose parsed url   hash: null,
475 verbose parsed url   search: null,
475 verbose parsed url   query: null,
475 verbose parsed url   pathname: '1',
475 verbose parsed url   path: '1',
475 verbose parsed url   href: '1' }
476 verbose addNamed [ 'abbrev', '1' ]
477 verbose addNamed [ null, '>=1.0.0-0 <2.0.0-0' ]
478 silly lockFile 6830b531-abbrev-1 abbrev@1
479 verbose lock abbrev@1 /home/aloosley/.npm/6830b531-abbrev-1.lock
480 silly addNameRange { name: 'abbrev', range: '>=1.0.0-0 <2.0.0-0', hasData: false }
481 verbose url raw abbrev
482 verbose url resolving [ 'https://registry.npmjs.org/', './abbrev' ]
483 verbose url resolved https://registry.npmjs.org/abbrev
484 info trying registry request attempt 1 at 00:16:32
485 verbose etag "AGMORWAFHPFPJ3WBZ2Q3A7ZE4"
486 http GET https://registry.npmjs.org/abbrev
487 silly gunzTarPerm extractEntry test/resolver/bar/node_modules/foo/index.js
488 silly gunzTarPerm extractEntry test/resolver/baz/package.json
489 silly gunzTarPerm extractEntry test/resolver/baz/doom.js
490 silly gunzTarPerm extractEntry test/resolver/baz/quux.js
491 silly gunzTarPerm extractEntry test/resolver/biz/node_modules/grux/index.js
492 silly gunzTarPerm extractEntry test/resolver/biz/node_modules/tiv/index.js
493 silly gunzTarPerm extractEntry test/resolver/cup.coffee
494 silly gunzTarPerm extractEntry test/resolver/mug.coffee
495 http 304 https://registry.npmjs.org/abbrev
496 silly registry.get cb [ 304,
496 silly registry.get   { date: 'Thu, 02 Oct 2014 04:16:38 GMT',
496 silly registry.get     server: 'Apache',
496 silly registry.get     via: '1.1 varnish',
496 silly registry.get     'last-modified': 'Thu, 02 Oct 2014 04:16:38 GMT',
496 silly registry.get     'cache-control': 'max-age=60',
496 silly registry.get     etag: '"AGMORWAFHPFPJ3WBZ2Q3A7ZE4"',
496 silly registry.get     'x-served-by': 'cache-jfk1024-JFK',
496 silly registry.get     'x-cache': 'HIT',
496 silly registry.get     'x-cache-hits': '1',
496 silly registry.get     'x-timer': 'S1412223398.000687,VS0,VE0',
496 silly registry.get     vary: 'Accept',
496 silly registry.get     'content-length': '0',
496 silly registry.get     'keep-alive': 'timeout=10, max=50',
496 silly registry.get     connection: 'Keep-Alive' } ]
497 verbose etag abbrev from cache
498 silly gunzTarPerm extractEntry test/resolver/other_path/root.js
499 silly gunzTarPerm extractEntry test/resolver/other_path/lib/other-lib.js
500 silly addNameRange number 2 { name: 'abbrev', range: '>=1.0.0-0 <2.0.0-0', hasData: true }
501 silly addNameRange versions [ 'abbrev', [ '1.0.3', '1.0.4', '1.0.5' ] ]
502 verbose addNamed [ 'abbrev', '1.0.5' ]
503 verbose addNamed [ '1.0.5', '1.0.5' ]
504 silly lockFile 55d90b2f-abbrev-1-0-5 abbrev@1.0.5
505 verbose lock abbrev@1.0.5 /home/aloosley/.npm/55d90b2f-abbrev-1-0-5.lock
506 silly lockFile 55d90b2f-abbrev-1-0-5 abbrev@1.0.5
507 silly lockFile 55d90b2f-abbrev-1-0-5 abbrev@1.0.5
508 silly lockFile 6830b531-abbrev-1 abbrev@1
509 silly lockFile 6830b531-abbrev-1 abbrev@1
510 silly resolved [ { name: 'abbrev',
510 silly resolved     version: '1.0.5',
510 silly resolved     description: 'Like ruby\'s abbrev module, but in js',
510 silly resolved     author: { name: 'Isaac Z. Schlueter', email: 'i@izs.me' },
510 silly resolved     main: 'abbrev.js',
510 silly resolved     scripts: { test: 'node test.js' },
510 silly resolved     repository: { type: 'git', url: 'http://github.com/isaacs/abbrev-js' },
510 silly resolved     license:
510 silly resolved      { type: 'MIT',
510 silly resolved        url: 'https://github.com/isaacs/abbrev-js/raw/master/LICENSE' },
510 silly resolved     readme: '# abbrev-js\n\nJust like [ruby\'s Abbrev](http://apidock.com/ruby/Abbrev).\n\nUsage:\n\n    var abbrev = require("abbrev");\n    abbrev("foo", "fool", "folding", "flop");\n    \n    // returns:\n    { fl: \'flop\'\n    , flo: \'flop\'\n    , flop: \'flop\'\n    , fol: \'folding\'\n    , fold: \'folding\'\n    , foldi: \'folding\'\n    , foldin: \'folding\'\n    , folding: \'folding\'\n    , foo: \'foo\'\n    , fool: \'fool\'\n    }\n\nThis is handy for command-line scripts, or other cases where you want to be able to accept shorthands.\n',
510 silly resolved     readmeFilename: 'README.md',
510 silly resolved     bugs: { url: 'https://github.com/isaacs/abbrev-js/issues' },
510 silly resolved     _id: 'abbrev@1.0.5',
510 silly resolved     _from: 'abbrev@1' } ]
511 info install abbrev@1.0.5 into /home/aloosley/host/dataIncubator/datacourse/projects/crimeAndHousing/web/node_modules/grunt-cli/node_modules/nopt
512 info installOne abbrev@1.0.5
513 info /home/aloosley/host/dataIncubator/datacourse/projects/crimeAndHousing/web/node_modules/grunt-cli/node_modules/nopt/node_modules/abbrev unbuild
514 silly lockFile 3b647264-unt-cli-node-modules-findup-sync tar:///home/aloosley/host/dataIncubator/datacourse/projects/crimeAndHousing/web/node_modules/grunt-cli/node_modules/findup-sync
515 silly lockFile 3b647264-unt-cli-node-modules-findup-sync tar:///home/aloosley/host/dataIncubator/datacourse/projects/crimeAndHousing/web/node_modules/grunt-cli/node_modules/findup-sync
516 silly lockFile 73952bd7-pm-findup-sync-0-1-3-package-tgz tar:///home/aloosley/.npm/findup-sync/0.1.3/package.tgz
517 silly lockFile 73952bd7-pm-findup-sync-0-1-3-package-tgz tar:///home/aloosley/.npm/findup-sync/0.1.3/package.tgz
518 verbose tar unpack /home/aloosley/.npm/abbrev/1.0.5/package.tgz
519 silly lockFile 7c860c81-modules-nopt-node-modules-abbrev tar:///home/aloosley/host/dataIncubator/datacourse/projects/crimeAndHousing/web/node_modules/grunt-cli/node_modules/nopt/node_modules/abbrev
520 verbose lock tar:///home/aloosley/host/dataIncubator/datacourse/projects/crimeAndHousing/web/node_modules/grunt-cli/node_modules/nopt/node_modules/abbrev /home/aloosley/.npm/7c860c81-modules-nopt-node-modules-abbrev.lock
521 silly lockFile b8c0a413-ley-npm-abbrev-1-0-5-package-tgz tar:///home/aloosley/.npm/abbrev/1.0.5/package.tgz
522 verbose lock tar:///home/aloosley/.npm/abbrev/1.0.5/package.tgz /home/aloosley/.npm/b8c0a413-ley-npm-abbrev-1-0-5-package-tgz.lock
523 info preinstall findup-sync@0.1.3
524 silly gunzTarPerm modes [ '755', '644' ]
525 verbose readDependencies using package.json deps
526 verbose readDependencies using package.json deps
527 silly gunzTarPerm extractEntry package.json
528 verbose cache add [ 'glob@~3.2.9', null ]
529 verbose cache add name=undefined spec="glob@~3.2.9" args=["glob@~3.2.9",null]
530 verbose parsed url { protocol: null,
530 verbose parsed url   slashes: null,
530 verbose parsed url   auth: null,
530 verbose parsed url   host: null,
530 verbose parsed url   port: null,
530 verbose parsed url   hostname: null,
530 verbose parsed url   hash: null,
530 verbose parsed url   search: null,
530 verbose parsed url   query: null,
530 verbose parsed url   pathname: 'glob@~3.2.9',
530 verbose parsed url   path: 'glob@~3.2.9',
530 verbose parsed url   href: 'glob@~3.2.9' }
531 verbose cache add name="glob" spec="~3.2.9" args=["glob","~3.2.9"]
532 verbose parsed url { protocol: null,
532 verbose parsed url   slashes: null,
532 verbose parsed url   auth: null,
532 verbose parsed url   host: null,
532 verbose parsed url   port: null,
532 verbose parsed url   hostname: null,
532 verbose parsed url   hash: null,
532 verbose parsed url   search: null,
532 verbose parsed url   query: null,
532 verbose parsed url   pathname: '~3.2.9',
532 verbose parsed url   path: '~3.2.9',
532 verbose parsed url   href: '~3.2.9' }
533 verbose addNamed [ 'glob', '~3.2.9' ]
534 verbose addNamed [ null, '>=3.2.9-0 <3.3.0-0' ]
535 silly lockFile 200db29c-glob-3-2-9 glob@~3.2.9
536 verbose lock glob@~3.2.9 /home/aloosley/.npm/200db29c-glob-3-2-9.lock
537 verbose cache add [ 'lodash@~2.4.1', null ]
538 verbose cache add name=undefined spec="lodash@~2.4.1" args=["lodash@~2.4.1",null]
539 verbose parsed url { protocol: null,
539 verbose parsed url   slashes: null,
539 verbose parsed url   auth: null,
539 verbose parsed url   host: null,
539 verbose parsed url   port: null,
539 verbose parsed url   hostname: null,
539 verbose parsed url   hash: null,
539 verbose parsed url   search: null,
539 verbose parsed url   query: null,
539 verbose parsed url   pathname: 'lodash@~2.4.1',
539 verbose parsed url   path: 'lodash@~2.4.1',
539 verbose parsed url   href: 'lodash@~2.4.1' }
540 verbose cache add name="lodash" spec="~2.4.1" args=["lodash","~2.4.1"]
541 verbose parsed url { protocol: null,
541 verbose parsed url   slashes: null,
541 verbose parsed url   auth: null,
541 verbose parsed url   host: null,
541 verbose parsed url   port: null,
541 verbose parsed url   hostname: null,
541 verbose parsed url   hash: null,
541 verbose parsed url   search: null,
541 verbose parsed url   query: null,
541 verbose parsed url   pathname: '~2.4.1',
541 verbose parsed url   path: '~2.4.1',
541 verbose parsed url   href: '~2.4.1' }
542 verbose addNamed [ 'lodash', '~2.4.1' ]
543 verbose addNamed [ null, '>=2.4.1-0 <2.5.0-0' ]
544 silly lockFile 257f9ab3-lodash-2-4-1 lodash@~2.4.1
545 verbose lock lodash@~2.4.1 /home/aloosley/.npm/257f9ab3-lodash-2-4-1.lock
546 silly addNameRange { name: 'glob', range: '>=3.2.9-0 <3.3.0-0', hasData: false }
547 silly addNameRange { name: 'lodash', range: '>=2.4.1-0 <2.5.0-0', hasData: false }
548 verbose url raw lodash
549 verbose url resolving [ 'https://registry.npmjs.org/', './lodash' ]
550 verbose url resolved https://registry.npmjs.org/lodash
551 info trying registry request attempt 1 at 00:16:33
552 verbose etag "3FXZHGT9QWF9CGUT45O4ISO5A"
553 http GET https://registry.npmjs.org/lodash
554 verbose url raw glob
555 verbose url resolving [ 'https://registry.npmjs.org/', './glob' ]
556 verbose url resolved https://registry.npmjs.org/glob
557 info trying registry request attempt 1 at 00:16:33
558 verbose etag "AQG51K9C7V60HXSSIANX4ZHQ1"
559 http GET https://registry.npmjs.org/glob
560 silly gunzTarPerm extractEntry README.md
561 silly gunzTarPerm extractEntry LICENSE
562 silly gunzTarPerm extractEntry abbrev.js
563 silly gunzTarPerm extractEntry test.js
564 silly gunzTarPerm extractEntry CONTRIBUTING.md
565 silly lockFile 7c860c81-modules-nopt-node-modules-abbrev tar:///home/aloosley/host/dataIncubator/datacourse/projects/crimeAndHousing/web/node_modules/grunt-cli/node_modules/nopt/node_modules/abbrev
566 silly lockFile 7c860c81-modules-nopt-node-modules-abbrev tar:///home/aloosley/host/dataIncubator/datacourse/projects/crimeAndHousing/web/node_modules/grunt-cli/node_modules/nopt/node_modules/abbrev
567 silly lockFile b8c0a413-ley-npm-abbrev-1-0-5-package-tgz tar:///home/aloosley/.npm/abbrev/1.0.5/package.tgz
568 silly lockFile b8c0a413-ley-npm-abbrev-1-0-5-package-tgz tar:///home/aloosley/.npm/abbrev/1.0.5/package.tgz
569 info preinstall abbrev@1.0.5
570 verbose readDependencies using package.json deps
571 verbose readDependencies using package.json deps
572 silly resolved []
573 verbose about to build /home/aloosley/host/dataIncubator/datacourse/projects/crimeAndHousing/web/node_modules/grunt-cli/node_modules/nopt/node_modules/abbrev
574 info build /home/aloosley/host/dataIncubator/datacourse/projects/crimeAndHousing/web/node_modules/grunt-cli/node_modules/nopt/node_modules/abbrev
575 verbose linkStuff [ false,
575 verbose linkStuff   false,
575 verbose linkStuff   false,
575 verbose linkStuff   '/home/aloosley/host/dataIncubator/datacourse/projects/crimeAndHousing/web/node_modules/grunt-cli/node_modules/nopt/node_modules' ]
576 info linkStuff abbrev@1.0.5
577 verbose linkBins abbrev@1.0.5
578 verbose linkMans abbrev@1.0.5
579 verbose rebuildBundles abbrev@1.0.5
580 info install abbrev@1.0.5
581 info postinstall abbrev@1.0.5
582 verbose about to build /home/aloosley/host/dataIncubator/datacourse/projects/crimeAndHousing/web/node_modules/grunt-cli/node_modules/nopt
583 info build /home/aloosley/host/dataIncubator/datacourse/projects/crimeAndHousing/web/node_modules/grunt-cli/node_modules/nopt
584 verbose linkStuff [ false,
584 verbose linkStuff   false,
584 verbose linkStuff   false,
584 verbose linkStuff   '/home/aloosley/host/dataIncubator/datacourse/projects/crimeAndHousing/web/node_modules/grunt-cli/node_modules' ]
585 info linkStuff nopt@1.0.10
586 verbose linkBins nopt@1.0.10
587 verbose link bins [ { nopt: './bin/nopt.js' },
587 verbose link bins   '/home/aloosley/host/dataIncubator/datacourse/projects/crimeAndHousing/web/node_modules/grunt-cli/node_modules/.bin',
587 verbose link bins   false ]
588 verbose linkMans nopt@1.0.10
589 verbose rebuildBundles nopt@1.0.10
590 verbose rebuildBundles [ 'abbrev' ]
591 info /home/aloosley/host/dataIncubator/datacourse/projects/crimeAndHousing/web/node_modules/grunt-cli/node_modules/nopt unbuild
592 info preuninstall nopt@1.0.10
593 info uninstall nopt@1.0.10
594 verbose false,/home/aloosley/host/dataIncubator/datacourse/projects/crimeAndHousing/web/node_modules,/home/aloosley/host/dataIncubator/datacourse/projects/crimeAndHousing/web/node_modules/grunt-cli/node_modules unbuild nopt@1.0.10
595 verbose /home/aloosley/host/dataIncubator/datacourse/projects/crimeAndHousing/web/node_modules/grunt-cli/node_modules/.bin,[object Object] binRoot
596 info postuninstall nopt@1.0.10
597 http 200 https://registry.npmjs.org/lodash
598 silly registry.get cb [ 200,
598 silly registry.get   { date: 'Thu, 02 Oct 2014 04:16:38 GMT',
598 silly registry.get     server: 'CouchDB/1.5.0 (Erlang OTP/R16B03)',
598 silly registry.get     etag: '"DU4K2NVVS8DNUBY8O46X6NMHP"',
598 silly registry.get     'content-type': 'application/json',
598 silly registry.get     'cache-control': 'max-age=60',
598 silly registry.get     'content-length': '73338',
598 silly registry.get     'accept-ranges': 'bytes',
598 silly registry.get     via: '1.1 varnish',
598 silly registry.get     age: '1132',
598 silly registry.get     'x-served-by': 'cache-iad2128-IAD',
598 silly registry.get     'x-cache': 'HIT',
598 silly registry.get     'x-cache-hits': '2',
598 silly registry.get     'x-timer': 'S1412223398.400533,VS0,VE0',
598 silly registry.get     vary: 'Accept',
598 silly registry.get     'keep-alive': 'timeout=10, max=50',
598 silly registry.get     connection: 'Keep-Alive' } ]
599 silly addNameRange number 2 { name: 'lodash', range: '>=2.4.1-0 <2.5.0-0', hasData: true }
600 silly addNameRange versions [ 'lodash',
600 silly addNameRange   [ '0.1.0',
600 silly addNameRange     '0.2.0',
600 silly addNameRange     '0.2.1',
600 silly addNameRange     '0.2.2',
600 silly addNameRange     '0.3.0',
600 silly addNameRange     '0.3.1',
600 silly addNameRange     '0.3.2',
600 silly addNameRange     '0.4.0',
600 silly addNameRange     '0.4.1',
600 silly addNameRange     '0.4.2',
600 silly addNameRange     '0.5.0-rc.1',
600 silly addNameRange     '0.5.0',
600 silly addNameRange     '0.5.1',
600 silly addNameRange     '0.5.2',
600 silly addNameRange     '0.6.0',
600 silly addNameRange     '0.6.1',
600 silly addNameRange     '0.7.0',
600 silly addNameRange     '0.8.0',
600 silly addNameRange     '0.8.1',
600 silly addNameRange     '0.8.2',
600 silly addNameRange     '0.9.0',
600 silly addNameRange     '0.9.1',
600 silly addNameRange     '0.9.2',
600 silly addNameRange     '0.10.0',
600 silly addNameRange     '1.0.0-rc.1',
600 silly addNameRange     '1.0.0-rc.2',
600 silly addNameRange     '1.0.0-rc.3',
600 silly addNameRange     '1.0.0',
600 silly addNameRange     '1.0.1',
600 silly addNameRange     '1.1.0',
600 silly addNameRange     '1.1.1',
600 silly addNameRange     '1.2.0',
600 silly addNameRange     '1.2.1',
600 silly addNameRange     '1.3.0',
600 silly addNameRange     '1.3.1',
600 silly addNameRange     '2.0.0',
600 silly addNameRange     '2.1.0',
600 silly addNameRange     '2.2.0',
600 silly addNameRange     '2.2.1',
600 silly addNameRange     '2.3.0',
600 silly addNameRange     '2.4.0',
600 silly addNameRange     '2.4.1' ] ]
601 verbose addNamed [ 'lodash', '2.4.1' ]
602 verbose addNamed [ '2.4.1', '2.4.1' ]
603 silly lockFile 8502be2a-lodash-2-4-1 lodash@2.4.1
604 verbose lock lodash@2.4.1 /home/aloosley/.npm/8502be2a-lodash-2-4-1.lock
605 http 304 https://registry.npmjs.org/glob
606 silly registry.get cb [ 304,
606 silly registry.get   { date: 'Thu, 02 Oct 2014 04:16:38 GMT',
606 silly registry.get     server: 'Apache',
606 silly registry.get     via: '1.1 varnish',
606 silly registry.get     'last-modified': 'Thu, 02 Oct 2014 04:16:38 GMT',
606 silly registry.get     'cache-control': 'max-age=60',
606 silly registry.get     etag: '"AQG51K9C7V60HXSSIANX4ZHQ1"',
606 silly registry.get     'x-served-by': 'cache-iad2124-IAD',
606 silly registry.get     'x-cache': 'HIT',
606 silly registry.get     'x-cache-hits': '1',
606 silly registry.get     'x-timer': 'S1412223398.438501,VS0,VE365',
606 silly registry.get     vary: 'Accept',
606 silly registry.get     'content-length': '0',
606 silly registry.get     'keep-alive': 'timeout=10, max=50',
606 silly registry.get     connection: 'Keep-Alive' } ]
607 verbose etag glob from cache
608 silly addNameRange number 2 { name: 'glob', range: '>=3.2.9-0 <3.3.0-0', hasData: true }
609 silly addNameRange versions [ 'glob',
609 silly addNameRange   [ '1.1.0',
609 silly addNameRange     '2.0.9',
609 silly addNameRange     '2.0.8',
609 silly addNameRange     '2.0.7',
609 silly addNameRange     '2.1.0',
609 silly addNameRange     '3.0.0',
609 silly addNameRange     '3.0.1',
609 silly addNameRange     '3.1.0',
609 silly addNameRange     '3.1.1',
609 silly addNameRange     '3.1.2',
609 silly addNameRange     '3.1.3',
609 silly addNameRange     '3.1.4',
609 silly addNameRange     '3.1.5',
609 silly addNameRange     '3.1.6',
609 silly addNameRange     '3.1.7',
609 silly addNameRange     '3.1.9',
609 silly addNameRange     '3.1.10',
609 silly addNameRange     '3.1.11',
609 silly addNameRange     '3.1.12',
609 silly addNameRange     '3.1.13',
609 silly addNameRange     '3.1.14',
609 silly addNameRange     '3.1.15',
609 silly addNameRange     '3.1.16',
609 silly addNameRange     '3.1.17',
609 silly addNameRange     '3.1.18',
609 silly addNameRange     '3.1.19',
609 silly addNameRange     '3.1.20',
609 silly addNameRange     '3.1.21',
609 silly addNameRange     '3.2.0',
609 silly addNameRange     '3.2.1',
609 silly addNameRange     '3.2.3',
609 silly addNameRange     '3.2.4',
609 silly addNameRange     '3.2.5',
609 silly addNameRange     '3.2.6',
609 silly addNameRange     '3.2.7',
609 silly addNameRange     '3.2.8',
609 silly addNameRange     '3.2.9',
609 silly addNameRange     '3.2.10',
609 silly addNameRange     '3.2.11',
609 silly addNameRange     '4.0.0',
609 silly addNameRange     '4.0.1',
609 silly addNameRange     '4.0.2',
609 silly addNameRange     '4.0.3',
609 silly addNameRange     '4.0.4',
609 silly addNameRange     '4.0.5',
609 silly addNameRange     '4.0.6' ] ]
610 verbose addNamed [ 'glob', '3.2.11' ]
611 verbose addNamed [ '3.2.11', '3.2.11' ]
612 silly lockFile 3fffafa6-glob-3-2-11 glob@3.2.11
613 verbose lock glob@3.2.11 /home/aloosley/.npm/3fffafa6-glob-3-2-11.lock
614 silly lockFile 8502be2a-lodash-2-4-1 lodash@2.4.1
615 silly lockFile 8502be2a-lodash-2-4-1 lodash@2.4.1
616 silly lockFile 257f9ab3-lodash-2-4-1 lodash@~2.4.1
617 silly lockFile 257f9ab3-lodash-2-4-1 lodash@~2.4.1
618 silly lockFile 82bef4e1-y-npmjs-org-glob-glob-3-2-11-tgz https://registry.npmjs.org/glob/-/glob-3.2.11.tgz
619 verbose lock https://registry.npmjs.org/glob/-/glob-3.2.11.tgz /home/aloosley/.npm/82bef4e1-y-npmjs-org-glob-glob-3-2-11-tgz.lock
620 verbose addRemoteTarball [ 'https://registry.npmjs.org/glob/-/glob-3.2.11.tgz',
620 verbose addRemoteTarball   '4a973f635b9190f715d10987d5c00fd2815ebe3d' ]
621 verbose about to build /home/aloosley/host/dataIncubator/datacourse/projects/crimeAndHousing/web/node_modules/grunt-cli
622 info /home/aloosley/host/dataIncubator/datacourse/projects/crimeAndHousing/web/node_modules/grunt-cli unbuild
623 info preuninstall grunt-cli@0.1.13
624 info retry fetch attempt 1 at 00:16:33
625 verbose fetch to= /home/aloosley/tmp/npm-16669-dwkw7B6W/1412223393930-0.49149473989382386/tmp.tgz
626 http GET https://registry.npmjs.org/glob/-/glob-3.2.11.tgz
627 info uninstall grunt-cli@0.1.13
628 verbose true,/home/aloosley/host/dataIncubator/datacourse/projects/crimeAndHousing/web/node_modules,/home/aloosley/host/dataIncubator/datacourse/projects/crimeAndHousing/web/node_modules unbuild grunt-cli@0.1.13
629 verbose /home/aloosley/host/dataIncubator/datacourse/projects/crimeAndHousing/web/node_modules/.bin,[object Object] binRoot
630 info postuninstall grunt-cli@0.1.13
631 http 200 https://registry.npmjs.org/glob/-/glob-3.2.11.tgz
632 verbose tar unpack /home/aloosley/tmp/npm-16669-dwkw7B6W/1412223393930-0.49149473989382386/tmp.tgz
633 silly lockFile a14cf7fe-3930-0-49149473989382386-package tar:///home/aloosley/tmp/npm-16669-dwkw7B6W/1412223393930-0.49149473989382386/package
634 verbose lock tar:///home/aloosley/tmp/npm-16669-dwkw7B6W/1412223393930-0.49149473989382386/package /home/aloosley/.npm/a14cf7fe-3930-0-49149473989382386-package.lock
635 silly lockFile 3756c2d5-3930-0-49149473989382386-tmp-tgz tar:///home/aloosley/tmp/npm-16669-dwkw7B6W/1412223393930-0.49149473989382386/tmp.tgz
636 verbose lock tar:///home/aloosley/tmp/npm-16669-dwkw7B6W/1412223393930-0.49149473989382386/tmp.tgz /home/aloosley/.npm/3756c2d5-3930-0-49149473989382386-tmp-tgz.lock
637 silly gunzTarPerm modes [ '755', '644' ]
638 silly gunzTarPerm extractEntry package.json
639 error error rolling back Error: ENOTEMPTY, rmdir '/home/aloosley/host/dataIncubator/datacourse/projects/crimeAndHousing/web/node_modules/grunt-cli/node_modules/resolve/test/resolver'
639 error error rolling back  grunt-cli@0.1.13 { [Error: ENOTEMPTY, rmdir '/home/aloosley/host/dataIncubator/datacourse/projects/crimeAndHousing/web/node_modules/grunt-cli/node_modules/resolve/test/resolver']
639 error error rolling back   errno: 53,
639 error error rolling back   code: 'ENOTEMPTY',
639 error error rolling back   path: '/home/aloosley/host/dataIncubator/datacourse/projects/crimeAndHousing/web/node_modules/grunt-cli/node_modules/resolve/test/resolver' }
640 error Error: EROFS, symlink '../nopt/bin/nopt.js'
641 error If you need help, you may report this log at:
641 error     <http://github.com/isaacs/npm/issues>
641 error or email it to:
641 error     <npm-@googlegroups.com>
642 error System Linux 3.13.0-35-generic
643 error command "/usr/bin/nodejs" "/usr/bin/npm" "install" "grunt-cli"
644 error cwd /home/aloosley/host/dataIncubator/datacourse/projects/crimeAndHousing/web
645 error node -v v0.10.25
646 error npm -v 1.3.10
647 error path ../nopt/bin/nopt.js
648 error code EROFS
649 error errno 56
650 verbose exit [ 56, true ]
